mode: atomic
nextdeploy/start.go:79.43,81.54 1 0
nextdeploy/start.go:81.54,84.66 3 0
nextdeploy/start.go:84.66,88.18 3 0
nextdeploy/start.go:88.18,90.64 2 0
nextdeploy/start.go:90.64,92.6 1 0
nextdeploy/start.go:94.4,94.23 1 0
nextdeploy/start.go:99.2,99.50 1 0
nextdeploy/start.go:99.50,102.17 3 0
nextdeploy/start.go:102.17,104.21 2 0
nextdeploy/start.go:104.21,105.54 1 0
nextdeploy/start.go:105.54,107.6 1 0
nextdeploy/start.go:113.2,115.16 3 0
nextdeploy/start.go:115.16,117.3 1 0
nextdeploy/start.go:119.2,120.29 2 0
nextdeploy/start.go:120.29,121.83 1 0
nextdeploy/start.go:121.83,123.22 2 0
nextdeploy/start.go:123.22,124.55 1 0
nextdeploy/start.go:124.55,126.6 1 0
nextdeploy/start.go:131.2,131.22 1 0
nextdeploy/start.go:135.24,139.16 3 0
nextdeploy/start.go:139.16,142.3 2 0
nextdeploy/start.go:144.2,144.13 1 0
nextdeploy/start.go:144.13,148.55 2 0
nextdeploy/start.go:148.55,153.4 4 0
nextdeploy/start.go:154.8,156.3 1 0
nextdeploy/start.go:160.13,161.22 1 0
nextdeploy/start.go:161.22,164.3 2 0
nextdeploy/start.go:166.2,166.20 1 0
nextdeploy/start.go:167.15,168.13 1 0
nextdeploy/start.go:169.13,170.11 1 0
nextdeploy/start.go:171.13,172.11 1 0
nextdeploy/start.go:173.15,174.13 1 0
nextdeploy/start.go:175.16,176.20 1 0
nextdeploy/start.go:177.15,178.13 1 0
nextdeploy/start.go:179.10,181.13 2 0
nextdeploy/start.go:186.19,198.2 1 0
nextdeploy/start.go:201.17,211.54 7 0
nextdeploy/start.go:211.54,213.3 1 0
nextdeploy/start.go:215.2,242.28 5 0
nextdeploy/start.go:242.28,243.78 1 0
nextdeploy/start.go:243.78,244.12 1 0
nextdeploy/start.go:247.3,251.26 3 0
nextdeploy/start.go:251.26,254.4 1 0
nextdeploy/start.go:257.3,263.35 6 0
nextdeploy/start.go:263.35,265.4 1 0
nextdeploy/start.go:266.3,266.52 1 0
nextdeploy/start.go:271.15,289.55 10 0
nextdeploy/start.go:289.55,292.3 2 0
nextdeploy/start.go:294.2,308.36 6 0
nextdeploy/start.go:308.36,310.3 1 0
nextdeploy/start.go:312.2,315.35 3 0
nextdeploy/start.go:315.35,317.3 1 0
nextdeploy/start.go:321.15,335.30 5 0
nextdeploy/start.go:335.30,336.48 1 0
nextdeploy/start.go:336.48,338.4 1 0
nextdeploy/start.go:340.2,349.68 6 0
nextdeploy/start.go:353.22,361.54 4 0
nextdeploy/start.go:361.54,364.3 2 0
nextdeploy/start.go:365.2,365.57 1 0
nextdeploy/start.go:365.57,368.3 2 0
nextdeploy/start.go:371.2,376.23 4 0
nextdeploy/start.go:376.23,379.3 2 0
nextdeploy/start.go:382.2,384.67 3 0
nextdeploy/start.go:384.67,386.3 1 0
nextdeploy/start.go:389.2,410.83 5 0
nextdeploy/start.go:410.83,412.3 1 0
nextdeploy/start.go:415.2,416.64 2 0
nextdeploy/start.go:416.64,418.3 1 0
nextdeploy/start.go:421.2,422.87 2 0
nextdeploy/start.go:422.87,424.3 1 0
nextdeploy/start.go:426.2,427.99 2 0
nextdeploy/start.go:427.99,429.3 1 0
nextdeploy/start.go:432.2,434.69 3 0
nextdeploy/start.go:434.69,436.3 1 0
nextdeploy/start.go:439.2,441.55 3 0
nextdeploy/start.go:441.55,443.17 2 0
nextdeploy/start.go:443.17,445.4 1 0
nextdeploy/start.go:445.9,446.55 1 0
nextdeploy/start.go:446.55,448.5 1 0
nextdeploy/start.go:449.4,450.45 2 0
nextdeploy/start.go:452.8,454.3 1 0
nextdeploy/start.go:457.2,458.98 2 0
nextdeploy/start.go:458.98,460.3 1 0
nextdeploy/start.go:462.2,465.70 4 0
nextdeploy/start.go:467.17,475.32 3 0
nextdeploy/start.go:475.32,476.64 1 0
nextdeploy/start.go:476.64,478.4 1 0
nextdeploy/start.go:478.9,478.32 1 0
nextdeploy/start.go:478.32,480.4 1 0
nextdeploy/start.go:480.9,482.4 1 0
nextdeploy/start.go:487.17,499.23 4 0
nextdeploy/start.go:499.23,502.3 2 0
nextdeploy/start.go:504.2,504.29 1 0
nextdeploy/start.go:504.29,506.64 2 0
nextdeploy/start.go:506.64,508.4 1 0
nextdeploy/start.go:508.9,510.4 1 0
nextdeploy/start.go:513.2,514.87 2 0
nextdeploy/start.go:514.87,516.3 1 0
nextdeploy/start.go:518.2,524.31 5 0
nextdeploy/start.go:524.31,526.47 2 0
nextdeploy/start.go:526.47,530.31 4 0
nextdeploy/start.go:530.31,531.46 1 0
nextdeploy/start.go:531.46,533.6 1 0
nextdeploy/start.go:535.4,536.62 2 0
nextdeploy/start.go:540.2,540.58 1 0
nextdeploy/start.go:544.26,546.16 2 0
nextdeploy/start.go:546.16,548.3 1 0
nextdeploy/start.go:549.2,549.13 1 0
nextdeploy/start.go:552.30,554.42 2 0
nextdeploy/start.go:554.42,556.3 1 0
nextdeploy/start.go:557.2,557.12 1 0
nextdeploy/start.go:560.41,561.20 1 0
nextdeploy/start.go:561.20,563.3 1 0
nextdeploy/start.go:564.2,564.63 1 0
nextdeploy/start.go:564.63,566.3 1 0
nextdeploy/start.go:567.2,567.55 1 0
nextdeploy/start.go:567.55,568.63 1 0
nextdeploy/start.go:568.63,570.4 1 0
nextdeploy/start.go:572.2,572.14 1 0
nextdeploy/start.go:575.28,578.16 3 0
nextdeploy/start.go:578.16,580.3 1 0
nextdeploy/start.go:581.2,581.39 1 0
nextdeploy/cli/main.go:29.13,31.2 1 0
nextdeploy/cli/internal/build/build.go:25.71,34.2 2 0
nextdeploy/cli/internal/build/build.go:37.66,40.2 2 0
nextdeploy/cli/internal/build/build.go:43.80,46.2 2 0
nextdeploy/cli/internal/build/build.go:49.70,52.2 2 0
nextdeploy/cli/internal/build/build.go:55.72,58.2 2 0
nextdeploy/cli/internal/build/build.go:61.52,63.41 1 0
nextdeploy/cli/internal/build/build.go:63.41,65.3 1 0
nextdeploy/cli/internal/build/build.go:68.2,69.16 2 0
nextdeploy/cli/internal/build/build.go:69.16,71.3 1 0
nextdeploy/cli/internal/build/build.go:74.2,75.59 2 0
nextdeploy/cli/internal/build/build.go:75.59,77.3 1 0
nextdeploy/cli/internal/build/build.go:79.2,79.35 1 0
nextdeploy/cli/internal/build/build.go:83.58,85.17 1 0
nextdeploy/cli/internal/build/build.go:85.17,87.3 1 0
nextdeploy/cli/internal/build/build.go:90.2,90.24 1 0
nextdeploy/cli/internal/build/build.go:91.21,92.35 1 0
nextdeploy/cli/internal/build/build.go:93.23,94.37 1 0
nextdeploy/cli/internal/build/build.go:95.16,96.23 1 0
nextdeploy/cli/internal/build/build.go:97.16,98.67 1 0
nextdeploy/cli/internal/build/build.go:99.10,100.71 1 0
nextdeploy/cli/internal/build/build.go:105.68,107.16 2 0
nextdeploy/cli/internal/build/build.go:107.16,109.3 1 0
nextdeploy/cli/internal/build/build.go:111.2,111.21 1 0
nextdeploy/cli/internal/build/build.go:111.21,113.3 1 0
nextdeploy/cli/internal/build/build.go:115.2,116.51 2 0
nextdeploy/cli/internal/build/build.go:120.70,122.18 2 0
nextdeploy/cli/internal/build/build.go:122.18,125.17 3 0
nextdeploy/cli/internal/build/build.go:125.17,127.4 1 0
nextdeploy/cli/internal/build/build.go:131.2,136.16 5 0
nextdeploy/cli/internal/build/build.go:136.16,138.3 1 0
nextdeploy/cli/internal/build/build.go:140.2,142.20 2 0
nextdeploy/cli/internal/build/build.go:142.20,145.3 2 0
nextdeploy/cli/internal/build/build.go:147.2,147.17 1 0
nextdeploy/cli/internal/build/build.go:151.44,153.16 2 0
nextdeploy/cli/internal/build/build.go:153.16,156.3 2 0
nextdeploy/cli/internal/build/build.go:158.2,172.40 2 0
nextdeploy/cli/cmd/build.go:67.93,70.27 2 0
nextdeploy/cli/cmd/build.go:70.27,72.3 1 0
nextdeploy/cli/cmd/build.go:75.2,76.21 2 0
nextdeploy/cli/cmd/build.go:76.21,78.3 1 0
nextdeploy/cli/cmd/build.go:79.2,83.25 3 0
nextdeploy/cli/cmd/build.go:84.23,86.66 2 0
nextdeploy/cli/cmd/build.go:87.16,88.17 1 0
nextdeploy/cli/cmd/build.go:89.10,90.27 1 0
nextdeploy/cli/cmd/build.go:94.2,94.25 1 0
nextdeploy/cli/cmd/build.go:94.25,96.3 1 0
nextdeploy/cli/cmd/build.go:99.2,99.15 1 0
nextdeploy/cli/cmd/build.go:99.15,101.3 1 0
nextdeploy/cli/cmd/build.go:103.2,103.33 1 0
nextdeploy/cli/cmd/build.go:106.13,112.2 3 0
nextdeploy/cli/cmd/build.go:114.64,117.16 2 0
nextdeploy/cli/cmd/build.go:117.16,119.3 1 0
nextdeploy/cli/cmd/build.go:122.2,123.16 2 0
nextdeploy/cli/cmd/build.go:123.16,125.3 1 0
nextdeploy/cli/cmd/build.go:127.2,128.15 2 0
nextdeploy/cli/cmd/build.go:128.15,130.3 1 0
nextdeploy/cli/cmd/build.go:131.2,133.38 3 0
nextdeploy/cli/cmd/build.go:133.38,135.15 1 0
nextdeploy/cli/cmd/build.go:135.15,139.16 2 0
nextdeploy/cli/cmd/build.go:139.16,141.5 1 0
nextdeploy/cli/cmd/build.go:142.9,144.4 1 0
nextdeploy/cli/cmd/build.go:146.2,148.29 2 0
nextdeploy/cli/cmd/build.go:148.29,151.3 2 0
nextdeploy/cli/cmd/build.go:153.2,169.18 4 0
nextdeploy/cli/cmd/build.go:169.18,171.3 1 0
nextdeploy/cli/cmd/build.go:174.2,175.53 2 0
nextdeploy/cli/cmd/build.go:175.53,178.3 2 0
nextdeploy/cli/cmd/build.go:180.2,183.21 2 0
nextdeploy/cli/cmd/build.go:183.21,185.94 2 0
nextdeploy/cli/cmd/build.go:185.94,187.4 1 0
nextdeploy/cli/cmd/build.go:188.3,188.43 1 0
nextdeploy/cli/cmd/build.go:191.2,191.12 1 0
nextdeploy/cli/cmd/build.go:194.71,196.16 2 0
nextdeploy/cli/cmd/build.go:196.16,198.3 1 0
nextdeploy/cli/cmd/build.go:201.2,201.50 1 0
nextdeploy/cli/cmd/build.go:201.50,203.3 1 0
nextdeploy/cli/cmd/build.go:206.2,206.57 1 0
nextdeploy/cli/cmd/build.go:206.57,208.3 1 0
nextdeploy/cli/cmd/build.go:208.8,208.20 1 0
nextdeploy/cli/cmd/build.go:208.20,210.3 1 0
nextdeploy/cli/cmd/build.go:213.2,213.19 1 0
nextdeploy/cli/cmd/build.go:213.19,215.3 1 0
nextdeploy/cli/cmd/build.go:217.2,217.12 1 0
nextdeploy/cli/cmd/build.go:219.39,220.35 1 0
nextdeploy/cli/cmd/build.go:220.35,222.3 1 0
nextdeploy/cli/cmd/build.go:223.2,224.16 2 0
nextdeploy/cli/cmd/build.go:226.41,228.26 1 0
nextdeploy/cli/cmd/build.go:228.26,230.3 1 0
nextdeploy/cli/cmd/build.go:233.2,234.37 2 0
nextdeploy/cli/cmd/build.go:234.37,236.3 1 0
nextdeploy/cli/cmd/build.go:239.2,240.29 2 0
nextdeploy/cli/cmd/build.go:240.29,242.3 1 0
nextdeploy/cli/cmd/build.go:244.2,244.14 1 0
nextdeploy/cli/cmd/init.go:15.42,17.2 1 0
nextdeploy/cli/cmd/init.go:30.13,32.2 1 0
nextdeploy/cli/cmd/prepare.go:41.13,44.2 1 0
nextdeploy/cli/cmd/prepare.go:46.52,48.18 1 0
nextdeploy/cli/cmd/prepare.go:48.18,50.3 1 0
nextdeploy/cli/cmd/prepare.go:51.2,57.12 5 0
nextdeploy/cli/cmd/prepare.go:57.12,61.3 3 0
nextdeploy/cli/cmd/prepare.go:64.2,65.16 2 0
nextdeploy/cli/cmd/prepare.go:65.16,67.3 1 0
nextdeploy/cli/cmd/prepare.go:70.2,76.15 3 0
nextdeploy/cli/cmd/prepare.go:76.15,78.17 2 0
nextdeploy/cli/cmd/prepare.go:78.17,80.4 1 0
nextdeploy/cli/cmd/prepare.go:80.9,82.4 1 0
nextdeploy/cli/cmd/prepare.go:86.2,87.16 2 0
nextdeploy/cli/cmd/prepare.go:87.16,90.3 2 0
nextdeploy/cli/cmd/prepare.go:92.2,93.16 2 0
nextdeploy/cli/cmd/prepare.go:93.16,96.3 2 0
nextdeploy/cli/cmd/prepare.go:98.2,98.70 1 0
nextdeploy/cli/cmd/prepare.go:101.94,103.67 1 0
nextdeploy/cli/cmd/prepare.go:103.67,106.3 2 0
nextdeploy/cli/cmd/prepare.go:109.2,110.23 2 0
nextdeploy/cli/cmd/prepare.go:110.23,112.3 1 0
nextdeploy/cli/cmd/prepare.go:114.2,115.24 2 0
nextdeploy/cli/cmd/prepare.go:118.121,123.16 3 0
nextdeploy/cli/cmd/prepare.go:123.16,126.3 2 0
nextdeploy/cli/cmd/prepare.go:127.2,128.16 2 0
nextdeploy/cli/cmd/prepare.go:128.16,131.3 2 0
nextdeploy/cli/cmd/prepare.go:133.2,134.16 2 0
nextdeploy/cli/cmd/prepare.go:134.16,137.3 2 0
nextdeploy/cli/cmd/prepare.go:138.2,138.12 1 0
nextdeploy/cli/cmd/prepare.go:141.128,154.31 3 0
nextdeploy/cli/cmd/prepare.go:154.31,155.10 1 0
nextdeploy/cli/cmd/prepare.go:156.21,158.69 2 0
nextdeploy/cli/cmd/prepare.go:159.11,160.21 1 0
nextdeploy/cli/cmd/prepare.go:160.21,162.5 1 0
nextdeploy/cli/cmd/prepare.go:165.4,169.18 4 0
nextdeploy/cli/cmd/prepare.go:169.18,172.5 2 0
nextdeploy/cli/cmd/prepare.go:173.4,175.15 2 0
nextdeploy/cli/cmd/prepare.go:175.15,177.5 1 0
nextdeploy/cli/cmd/prepare.go:181.2,181.12 1 0
nextdeploy/cli/cmd/prepare.go:184.126,189.16 3 0
nextdeploy/cli/cmd/prepare.go:189.16,192.3 2 0
nextdeploy/cli/cmd/prepare.go:195.2,199.20 3 0
nextdeploy/cli/cmd/prepare.go:200.13,202.60 2 0
nextdeploy/cli/cmd/prepare.go:203.20,205.60 2 0
nextdeploy/cli/cmd/prepare.go:206.10,207.67 1 0
nextdeploy/cli/cmd/prepare.go:211.117,215.16 3 0
nextdeploy/cli/cmd/prepare.go:215.16,217.3 1 0
nextdeploy/cli/cmd/prepare.go:220.2,220.64 1 0
nextdeploy/cli/cmd/prepare.go:220.64,227.89 2 0
nextdeploy/cli/cmd/prepare.go:227.89,229.4 1 0
nextdeploy/cli/cmd/prepare.go:230.8,232.3 1 0
nextdeploy/cli/cmd/prepare.go:235.2,235.63 1 0
nextdeploy/cli/cmd/prepare.go:235.63,246.17 3 0
nextdeploy/cli/cmd/prepare.go:246.17,248.4 1 0
nextdeploy/cli/cmd/prepare.go:249.8,251.3 1 0
nextdeploy/cli/cmd/prepare.go:253.2,253.12 1 0
nextdeploy/cli/cmd/prepare.go:257.122,261.2 3 0
nextdeploy/cli/cmd/prepare.go:263.138,265.31 2 0
nextdeploy/cli/cmd/prepare.go:265.31,266.60 1 0
nextdeploy/cli/cmd/prepare.go:266.60,268.4 1 0
nextdeploy/cli/cmd/prepare.go:271.2,271.27 1 0
nextdeploy/cli/cmd/prepare.go:271.27,274.3 2 0
nextdeploy/cli/cmd/prepare.go:277.2,278.88 2 0
nextdeploy/cli/cmd/prepare.go:278.88,280.3 1 0
nextdeploy/cli/cmd/prepare.go:283.2,286.53 3 0
nextdeploy/cli/cmd/prepare.go:286.53,287.18 1 0
nextdeploy/cli/cmd/prepare.go:287.18,290.4 2 0
nextdeploy/cli/cmd/prepare.go:292.3,293.17 2 0
nextdeploy/cli/cmd/prepare.go:293.17,296.4 2 0
nextdeploy/cli/cmd/prepare.go:298.3,298.28 1 0
nextdeploy/cli/cmd/prepare.go:298.28,302.4 2 0
nextdeploy/cli/cmd/prepare.go:304.3,304.68 1 0
nextdeploy/cli/cmd/prepare.go:307.2,307.12 1 0
nextdeploy/cli/cmd/prepare.go:309.79,310.19 1 0
nextdeploy/cli/cmd/prepare.go:310.19,313.3 2 0
nextdeploy/cli/cmd/prepare.go:316.117,329.2 2 0
nextdeploy/cli/cmd/prepare.go:331.137,332.31 1 0
nextdeploy/cli/cmd/prepare.go:332.31,333.10 1 0
nextdeploy/cli/cmd/prepare.go:334.21,335.20 1 0
nextdeploy/cli/cmd/prepare.go:336.11,337.21 1 0
nextdeploy/cli/cmd/prepare.go:337.21,339.5 1 0
nextdeploy/cli/cmd/prepare.go:341.4,342.18 2 0
nextdeploy/cli/cmd/prepare.go:342.18,345.5 2 0
nextdeploy/cli/cmd/prepare.go:348.2,348.12 1 0
nextdeploy/cli/cmd/prepare.go:350.119,357.16 4 0
nextdeploy/cli/cmd/prepare.go:357.16,359.3 1 0
nextdeploy/cli/cmd/prepare.go:361.2,361.45 1 0
nextdeploy/cli/cmd/prepare.go:361.45,363.3 1 0
nextdeploy/cli/cmd/prepare.go:365.2,366.12 2 0
nextdeploy/cli/cmd/prepare.go:370.103,388.55 8 0
nextdeploy/cli/cmd/prepare.go:388.55,390.3 1 0
nextdeploy/cli/cmd/prepare.go:392.2,393.12 2 0
nextdeploy/cli/cmd/prepare.go:396.121,407.31 3 0
nextdeploy/cli/cmd/prepare.go:407.31,408.10 1 0
nextdeploy/cli/cmd/prepare.go:409.21,410.20 1 0
nextdeploy/cli/cmd/prepare.go:411.11,412.21 1 0
nextdeploy/cli/cmd/prepare.go:412.21,416.5 2 0
nextdeploy/cli/cmd/prepare.go:418.4,419.18 2 0
nextdeploy/cli/cmd/prepare.go:419.18,422.5 2 0
nextdeploy/cli/cmd/prepare.go:424.4,424.15 1 0
nextdeploy/cli/cmd/prepare.go:424.15,426.5 1 0
nextdeploy/cli/cmd/prepare.go:430.2,430.12 1 0
nextdeploy/cli/cmd/preview.go:29.47,32.17 2 0
nextdeploy/cli/cmd/preview.go:32.17,36.4 3 0
nextdeploy/cli/cmd/preview.go:37.3,38.56 2 0
nextdeploy/cli/cmd/preview.go:38.56,42.4 3 0
nextdeploy/cli/cmd/preview.go:44.3,46.17 3 0
nextdeploy/cli/cmd/preview.go:46.17,48.14 2 0
nextdeploy/cli/cmd/preview.go:52.3,54.30 3 0
nextdeploy/cli/cmd/preview.go:54.30,56.4 1 0
nextdeploy/cli/cmd/preview.go:59.3,60.17 2 0
nextdeploy/cli/cmd/preview.go:60.17,62.14 2 0
nextdeploy/cli/cmd/preview.go:66.3,73.17 3 0
nextdeploy/cli/cmd/preview.go:73.17,75.14 2 0
nextdeploy/cli/cmd/preview.go:77.3,81.22 3 0
nextdeploy/cli/cmd/preview.go:81.22,86.74 3 0
nextdeploy/cli/cmd/preview.go:86.74,89.5 2 0
nextdeploy/cli/cmd/preview.go:92.3,93.17 2 0
nextdeploy/cli/cmd/preview.go:93.17,97.4 3 0
nextdeploy/cli/cmd/preview.go:100.3,102.17 3 0
nextdeploy/cli/cmd/preview.go:102.17,106.4 3 0
nextdeploy/cli/cmd/preview.go:108.3,111.57 2 0
nextdeploy/cli/cmd/preview.go:111.57,115.4 3 0
nextdeploy/cli/cmd/preview.go:119.13,121.2 1 0
nextdeploy/cli/cmd/preview.go:122.74,126.12 3 0
nextdeploy/cli/cmd/preview.go:126.12,132.17 4 0
nextdeploy/cli/cmd/preview.go:132.17,136.4 3 0
nextdeploy/cli/cmd/preview.go:137.3,141.17 3 0
nextdeploy/cli/cmd/preview.go:141.17,145.4 3 0
nextdeploy/cli/cmd/preview.go:148.3,149.90 2 0
nextdeploy/cli/cmd/preview.go:149.90,150.18 1 0
nextdeploy/cli/cmd/preview.go:150.18,153.5 2 0
nextdeploy/cli/cmd/preview.go:156.4,159.36 1 0
nextdeploy/cli/cmd/preview.go:159.36,161.5 1 0
nextdeploy/cli/cmd/preview.go:163.4,165.18 3 0
nextdeploy/cli/cmd/preview.go:165.18,168.5 2 0
nextdeploy/cli/cmd/preview.go:169.4,169.44 1 0
nextdeploy/cli/cmd/preview.go:172.3,172.17 1 0
nextdeploy/cli/cmd/preview.go:172.17,176.4 3 0
nextdeploy/cli/cmd/preview.go:179.2,179.16 1 0
nextdeploy/cli/cmd/preview.go:182.65,190.44 2 0
nextdeploy/cli/cmd/preview.go:190.44,193.3 2 0
nextdeploy/cli/cmd/preview.go:194.2,195.12 2 0
nextdeploy/cli/cmd/provision.go:42.13,53.2 2 0
nextdeploy/cli/cmd/provision.go:56.67,66.2 2 0
nextdeploy/cli/cmd/provision.go:69.68,79.2 2 0
nextdeploy/cli/cmd/root.go:51.47,56.21 2 0
nextdeploy/cli/cmd/root.go:56.21,65.4 5 0
nextdeploy/cli/cmd/root.go:69.16,72.42 2 0
nextdeploy/cli/cmd/root.go:72.42,77.3 2 0
nextdeploy/cli/cmd/root.go:79.2,85.15 4 0
nextdeploy/cli/cmd/root.go:88.13,110.2 2 0
nextdeploy/cli/cmd/run.go:38.47,40.3 1 0
nextdeploy/cli/cmd/run.go:43.13,45.2 1 0
nextdeploy/cli/cmd/run.go:47.17,57.27 8 0
nextdeploy/cli/cmd/run.go:57.27,60.3 2 0
nextdeploy/cli/cmd/run.go:60.8,62.3 1 0
nextdeploy/cli/cmd/run.go:66.2,71.54 5 0
nextdeploy/cli/cmd/run.go:74.45,88.2 10 0
nextdeploy/cli/cmd/secrets.go:25.51,28.4 1 0
nextdeploy/cli/cmd/secrets.go:29.48,32.4 2 0
nextdeploy/cli/cmd/secrets.go:36.21,39.16 2 0
nextdeploy/cli/cmd/secrets.go:39.16,42.3 2 0
nextdeploy/cli/cmd/secrets.go:45.2,45.27 1 0
nextdeploy/cli/cmd/secrets.go:45.27,47.3 1 0
nextdeploy/cli/cmd/secrets.go:49.2,49.21 1 0
nextdeploy/cli/cmd/secrets.go:49.21,51.3 1 0
nextdeploy/cli/cmd/secrets.go:51.8,54.17 3 0
nextdeploy/cli/cmd/secrets.go:54.17,57.4 2 0
nextdeploy/cli/cmd/secrets.go:58.3,58.63 1 0
nextdeploy/cli/cmd/secrets.go:61.2,65.16 5 0
nextdeploy/cli/cmd/secrets.go:65.16,68.3 2 0
nextdeploy/cli/cmd/secrets.go:70.2,70.62 1 0
nextdeploy/cli/cmd/secrets.go:70.62,73.3 2 0
nextdeploy/cli/cmd/secrets.go:75.2,75.52 1 0
nextdeploy/cli/cmd/secrets.go:75.52,78.3 2 0
nextdeploy/cli/cmd/secrets.go:82.2,82.45 1 0
nextdeploy/cli/cmd/secrets.go:86.26,92.61 2 0
nextdeploy/cli/cmd/secrets.go:92.61,95.3 2 0
nextdeploy/cli/cmd/secrets.go:95.8,97.3 1 0
nextdeploy/cli/cmd/secrets.go:99.2,99.51 1 0
nextdeploy/cli/cmd/secrets.go:99.51,102.3 2 0
nextdeploy/cli/cmd/secrets.go:102.8,104.3 1 0
nextdeploy/cli/cmd/secrets.go:107.13,109.2 1 0
nextdeploy/cli/cmd/ship.go:37.13,45.2 6 0
nextdeploy/cli/cmd/ship.go:47.46,55.12 5 0
nextdeploy/cli/cmd/ship.go:55.12,60.3 4 0
nextdeploy/cli/cmd/ship.go:61.2,67.16 3 0
nextdeploy/cli/cmd/ship.go:67.16,69.3 1 0
nextdeploy/cli/cmd/ship.go:70.2,70.15 1 0
nextdeploy/cli/cmd/ship.go:70.15,71.56 1 0
nextdeploy/cli/cmd/ship.go:71.56,73.4 1 0
nextdeploy/cli/cmd/ship.go:76.2,77.23 2 0
nextdeploy/cli/cmd/ship.go:77.23,80.3 2 0
nextdeploy/cli/cmd/ship.go:81.2,83.71 2 0
nextdeploy/cli/cmd/ship.go:83.71,86.3 2 0
nextdeploy/cli/cmd/ship.go:88.2,88.68 1 0
nextdeploy/cli/cmd/ship.go:91.115,93.76 2 0
nextdeploy/cli/cmd/ship.go:93.76,95.3 1 0
nextdeploy/cli/cmd/ship.go:97.2,98.87 2 0
nextdeploy/cli/cmd/ship.go:98.87,100.3 1 0
nextdeploy/cli/cmd/ship.go:102.2,102.13 1 0
nextdeploy/cli/cmd/ship.go:102.13,104.96 2 0
nextdeploy/cli/cmd/ship.go:104.96,106.4 1 0
nextdeploy/cli/cmd/ship.go:109.2,110.82 2 0
nextdeploy/cli/cmd/ship.go:110.82,112.3 1 0
nextdeploy/cli/cmd/ship.go:121.2,121.12 1 0
nextdeploy/cli/internal/prompt/prompter.go:20.51,22.2 1 0
nextdeploy/cli/internal/prompt/prompter.go:24.72,25.22 1 0
nextdeploy/cli/internal/prompt/prompter.go:25.22,27.3 1 0
nextdeploy/cli/internal/prompt/prompter.go:29.2,32.60 4 0
nextdeploy/cli/internal/prompt/prompter.go:35.78,38.2 1 0
nextdeploy/cli/internal/prompt/prompter.go:40.67,42.2 1 0
nextdeploy/cli/internal/initialcommand/init.go:14.62,16.16 2 0
nextdeploy/cli/internal/initialcommand/init.go:16.16,18.3 1 0
nextdeploy/cli/internal/initialcommand/init.go:19.2,25.62 5 0
nextdeploy/cli/internal/initialcommand/init.go:25.62,27.3 1 0
nextdeploy/cli/internal/initialcommand/init.go:29.2,29.70 1 0
nextdeploy/cli/internal/initialcommand/init.go:29.70,31.3 1 0
nextdeploy/cli/internal/initialcommand/init.go:33.2,34.51 2 0
nextdeploy/cli/internal/initialcommand/init.go:34.51,36.3 1 0
nextdeploy/cli/internal/initialcommand/init.go:37.2,40.12 3 0
nextdeploy/cli/internal/server/server.go:50.55,55.27 2 0
nextdeploy/cli/internal/server/server.go:55.27,56.32 1 0
nextdeploy/cli/internal/server/server.go:56.32,58.4 1 0
nextdeploy/cli/internal/server/server.go:61.2,61.15 1 0
nextdeploy/cli/internal/server/server.go:65.32,66.37 1 0
nextdeploy/cli/internal/server/server.go:66.37,68.17 2 0
nextdeploy/cli/internal/server/server.go:68.17,70.4 1 0
nextdeploy/cli/internal/server/server.go:71.3,73.13 3 0
nextdeploy/cli/internal/server/server.go:76.32,77.37 1 0
nextdeploy/cli/internal/server/server.go:77.37,80.3 2 0
nextdeploy/cli/internal/server/server.go:84.29,85.37 1 0
nextdeploy/cli/internal/server/server.go:85.37,86.52 1 0
nextdeploy/cli/internal/server/server.go:86.52,88.4 1 0
nextdeploy/cli/internal/server/server.go:90.3,97.46 6 0
nextdeploy/cli/internal/server/server.go:97.46,99.37 2 0
nextdeploy/cli/internal/server/server.go:99.37,102.19 3 0
nextdeploy/cli/internal/server/server.go:102.19,105.6 2 0
nextdeploy/cli/internal/server/server.go:106.5,107.86 2 0
nextdeploy/cli/internal/server/server.go:111.3,115.28 4 0
nextdeploy/cli/internal/server/server.go:115.28,117.4 1 0
nextdeploy/cli/internal/server/server.go:119.3,119.20 1 0
nextdeploy/cli/internal/server/server.go:119.20,122.4 2 0
nextdeploy/cli/internal/server/server.go:123.3,123.13 1 0
nextdeploy/cli/internal/server/server.go:127.62,128.62 1 0
nextdeploy/cli/internal/server/server.go:128.62,130.3 1 0
nextdeploy/cli/internal/server/server.go:132.2,132.42 1 0
nextdeploy/cli/internal/server/server.go:132.42,133.53 1 0
nextdeploy/cli/internal/server/server.go:133.53,135.18 2 0
nextdeploy/cli/internal/server/server.go:135.18,137.5 1 0
nextdeploy/cli/internal/server/server.go:138.4,138.27 1 0
nextdeploy/cli/internal/server/server.go:141.2,141.107 1 0
nextdeploy/cli/internal/server/server.go:143.66,145.52 1 0
nextdeploy/cli/internal/server/server.go:145.52,147.3 1 0
nextdeploy/cli/internal/server/server.go:150.2,150.26 1 0
nextdeploy/cli/internal/server/server.go:150.26,152.17 2 0
nextdeploy/cli/internal/server/server.go:152.17,154.4 1 0
nextdeploy/cli/internal/server/server.go:155.3,155.62 1 0
nextdeploy/cli/internal/server/server.go:159.2,160.51 2 0
nextdeploy/cli/internal/server/server.go:160.51,161.48 1 0
nextdeploy/cli/internal/server/server.go:161.48,163.4 1 0
nextdeploy/cli/internal/server/server.go:167.2,171.16 5 0
nextdeploy/cli/internal/server/server.go:171.16,173.3 1 0
nextdeploy/cli/internal/server/server.go:175.2,176.19 2 0
nextdeploy/cli/internal/server/server.go:176.19,178.3 1 0
nextdeploy/cli/internal/server/server.go:181.2,182.16 2 0
nextdeploy/cli/internal/server/server.go:182.16,184.3 1 0
nextdeploy/cli/internal/server/server.go:185.2,187.57 2 0
nextdeploy/cli/internal/server/server.go:187.57,189.3 1 0
nextdeploy/cli/internal/server/server.go:191.2,191.12 1 0
nextdeploy/cli/internal/server/server.go:195.44,196.25 1 0
nextdeploy/cli/internal/server/server.go:196.25,198.3 1 0
nextdeploy/cli/internal/server/server.go:199.2,199.52 1 0
nextdeploy/cli/internal/server/server.go:199.52,200.21 1 0
nextdeploy/cli/internal/server/server.go:200.21,202.4 1 0
nextdeploy/cli/internal/server/server.go:204.2,204.13 1 0
nextdeploy/cli/internal/server/server.go:208.62,209.19 1 0
nextdeploy/cli/internal/server/server.go:209.19,211.3 1 0
nextdeploy/cli/internal/server/server.go:212.2,214.16 3 0
nextdeploy/cli/internal/server/server.go:214.16,217.3 2 0
nextdeploy/cli/internal/server/server.go:218.2,219.16 2 0
nextdeploy/cli/internal/server/server.go:219.16,221.3 1 0
nextdeploy/cli/internal/server/server.go:223.2,224.16 2 0
nextdeploy/cli/internal/server/server.go:224.16,226.3 1 0
nextdeploy/cli/internal/server/server.go:228.2,239.27 2 0
nextdeploy/cli/internal/server/server.go:239.27,241.3 1 0
nextdeploy/cli/internal/server/server.go:243.2,245.16 3 0
nextdeploy/cli/internal/server/server.go:245.16,247.3 1 0
nextdeploy/cli/internal/server/server.go:249.2,250.16 2 0
nextdeploy/cli/internal/server/server.go:250.16,253.3 2 0
nextdeploy/cli/internal/server/server.go:255.2,260.8 1 0
nextdeploy/cli/internal/server/server.go:263.72,266.23 2 0
nextdeploy/cli/internal/server/server.go:266.23,268.3 1 0
nextdeploy/cli/internal/server/server.go:271.2,272.42 2 0
nextdeploy/cli/internal/server/server.go:272.42,274.17 2 0
nextdeploy/cli/internal/server/server.go:274.17,276.4 1 0
nextdeploy/cli/internal/server/server.go:277.3,277.55 1 0
nextdeploy/cli/internal/server/server.go:279.2,284.16 4 0
nextdeploy/cli/internal/server/server.go:284.16,287.3 1 0
nextdeploy/cli/internal/server/server.go:289.2,290.16 2 0
nextdeploy/cli/internal/server/server.go:290.16,291.80 1 0
nextdeploy/cli/internal/server/server.go:291.80,293.18 2 0
nextdeploy/cli/internal/server/server.go:293.18,295.5 1 0
nextdeploy/cli/internal/server/server.go:296.9,298.4 1 0
nextdeploy/cli/internal/server/server.go:300.2,302.24 2 0
nextdeploy/cli/internal/server/server.go:302.24,304.3 1 0
nextdeploy/cli/internal/server/server.go:306.2,306.27 1 0
nextdeploy/cli/internal/server/server.go:306.27,308.3 1 0
nextdeploy/cli/internal/server/server.go:310.2,310.25 1 0
nextdeploy/cli/internal/server/server.go:312.56,314.16 2 0
nextdeploy/cli/internal/server/server.go:314.16,316.3 1 0
nextdeploy/cli/internal/server/server.go:318.2,320.16 3 0
nextdeploy/cli/internal/server/server.go:320.16,322.3 1 0
nextdeploy/cli/internal/server/server.go:324.2,324.29 1 0
nextdeploy/cli/internal/server/server.go:327.104,331.2 1 0
nextdeploy/cli/internal/server/server.go:335.122,337.16 2 0
nextdeploy/cli/internal/server/server.go:337.16,339.3 1 0
nextdeploy/cli/internal/server/server.go:341.2,345.16 4 0
nextdeploy/cli/internal/server/server.go:345.16,347.3 1 0
nextdeploy/cli/internal/server/server.go:348.2,352.16 3 0
nextdeploy/cli/internal/server/server.go:352.16,354.3 1 0
nextdeploy/cli/internal/server/server.go:356.2,357.16 2 0
nextdeploy/cli/internal/server/server.go:357.16,359.3 1 0
nextdeploy/cli/internal/server/server.go:362.2,365.19 3 0
nextdeploy/cli/internal/server/server.go:365.19,367.3 1 0
nextdeploy/cli/internal/server/server.go:368.2,374.16 4 0
nextdeploy/cli/internal/server/server.go:374.16,376.3 1 0
nextdeploy/cli/internal/server/server.go:379.2,382.12 3 0
nextdeploy/cli/internal/server/server.go:382.12,385.3 2 0
nextdeploy/cli/internal/server/server.go:387.2,387.12 1 0
nextdeploy/cli/internal/server/server.go:387.12,390.3 2 0
nextdeploy/cli/internal/server/server.go:393.2,394.12 2 0
nextdeploy/cli/internal/server/server.go:394.12,395.10 1 0
nextdeploy/cli/internal/server/server.go:396.21,397.31 1 0
nextdeploy/cli/internal/server/server.go:398.15,398.15 0 0
nextdeploy/cli/internal/server/server.go:403.2,409.16 5 0
nextdeploy/cli/internal/server/server.go:409.16,411.3 1 0
nextdeploy/cli/internal/server/server.go:413.2,414.29 2 0
nextdeploy/cli/internal/server/server.go:418.104,420.16 2 0
nextdeploy/cli/internal/server/server.go:420.16,422.3 1 0
nextdeploy/cli/internal/server/server.go:424.2,428.16 4 0
nextdeploy/cli/internal/server/server.go:428.16,430.3 1 0
nextdeploy/cli/internal/server/server.go:431.2,434.16 3 0
nextdeploy/cli/internal/server/server.go:434.16,436.3 1 0
nextdeploy/cli/internal/server/server.go:437.2,440.16 3 0
nextdeploy/cli/internal/server/server.go:440.16,442.3 1 0
nextdeploy/cli/internal/server/server.go:444.2,446.12 3 0
nextdeploy/cli/internal/server/server.go:450.106,452.16 2 0
nextdeploy/cli/internal/server/server.go:452.16,454.3 1 0
nextdeploy/cli/internal/server/server.go:456.2,460.16 4 0
nextdeploy/cli/internal/server/server.go:460.16,462.3 1 0
nextdeploy/cli/internal/server/server.go:463.2,466.16 3 0
nextdeploy/cli/internal/server/server.go:466.16,468.3 1 0
nextdeploy/cli/internal/server/server.go:469.2,472.16 3 0
nextdeploy/cli/internal/server/server.go:472.16,474.3 1 0
nextdeploy/cli/internal/server/server.go:476.2,478.12 3 0
nextdeploy/cli/internal/server/server.go:482.60,484.16 2 0
nextdeploy/cli/internal/server/server.go:484.16,486.3 1 0
nextdeploy/cli/internal/server/server.go:488.2,492.16 4 0
nextdeploy/cli/internal/server/server.go:492.16,494.3 1 0
nextdeploy/cli/internal/server/server.go:495.2,498.16 3 0
nextdeploy/cli/internal/server/server.go:498.16,500.3 1 0
nextdeploy/cli/internal/server/server.go:502.2,503.12 2 0
nextdeploy/cli/internal/server/server.go:507.51,512.41 4 0
nextdeploy/cli/internal/server/server.go:512.41,514.31 2 0
nextdeploy/cli/internal/server/server.go:514.31,515.52 1 0
nextdeploy/cli/internal/server/server.go:515.52,517.5 1 0
nextdeploy/cli/internal/server/server.go:519.3,519.47 1 0
nextdeploy/cli/internal/server/server.go:519.47,521.4 1 0
nextdeploy/cli/internal/server/server.go:522.3,523.29 2 0
nextdeploy/cli/internal/server/server.go:526.2,526.19 1 0
nextdeploy/cli/internal/server/server.go:526.19,528.3 1 0
nextdeploy/cli/internal/server/server.go:529.2,529.12 1 0
nextdeploy/cli/internal/server/server.go:533.76,538.9 4 0
nextdeploy/cli/internal/server/server.go:538.9,540.3 1 0
nextdeploy/cli/internal/server/server.go:541.2,541.20 1 0
nextdeploy/cli/internal/server/server.go:545.59,549.21 3 0
nextdeploy/cli/internal/server/server.go:549.21,551.3 1 0
nextdeploy/cli/internal/server/server.go:553.2,554.39 2 0
nextdeploy/cli/internal/server/server.go:554.39,555.29 1 0
nextdeploy/cli/internal/server/server.go:555.29,557.9 2 0
nextdeploy/cli/internal/server/server.go:561.2,561.22 1 0
nextdeploy/cli/internal/server/server.go:561.22,563.3 1 0
nextdeploy/cli/internal/server/server.go:566.2,566.51 1 0
nextdeploy/cli/internal/server/server.go:566.51,568.34 2 0
nextdeploy/cli/internal/server/server.go:568.34,570.4 1 0
nextdeploy/cli/internal/server/server.go:571.3,572.24 2 0
nextdeploy/cli/internal/server/server.go:575.2,576.16 2 0
nextdeploy/cli/internal/server/server.go:576.16,578.3 1 0
nextdeploy/cli/internal/server/server.go:580.2,582.12 3 0
nextdeploy/cli/internal/server/server.go:586.47,591.33 4 0
nextdeploy/cli/internal/server/server.go:591.33,593.3 1 0
nextdeploy/cli/internal/server/server.go:594.2,594.16 1 0
nextdeploy/cli/internal/server/server.go:598.93,600.16 2 0
nextdeploy/cli/internal/server/server.go:600.16,602.3 1 0
nextdeploy/cli/internal/server/server.go:604.2,608.16 4 0
nextdeploy/cli/internal/server/server.go:608.16,610.3 1 0
nextdeploy/cli/internal/server/server.go:611.2,614.16 3 0
nextdeploy/cli/internal/server/server.go:614.16,616.3 1 0
nextdeploy/cli/internal/server/server.go:618.2,618.59 1 0
nextdeploy/cli/internal/server/server.go:723.70,730.16 3 0
nextdeploy/cli/internal/server/server.go:730.16,732.3 1 0
nextdeploy/cli/internal/server/server.go:735.2,736.16 2 0
nextdeploy/cli/internal/server/server.go:736.16,739.3 2 0
nextdeploy/cli/internal/server/server.go:741.2,742.16 2 0
nextdeploy/cli/internal/server/server.go:742.16,745.3 2 0
nextdeploy/cli/internal/server/server.go:748.2,767.16 4 0
nextdeploy/cli/internal/server/server.go:767.16,770.3 2 0
nextdeploy/cli/internal/server/server.go:773.2,774.16 2 0
nextdeploy/cli/internal/server/server.go:774.16,777.3 2 0
nextdeploy/cli/internal/server/server.go:779.2,780.17 2 0
nextdeploy/cli/internal/server/server.go:780.17,783.3 2 0
nextdeploy/cli/internal/server/server.go:785.2,788.16 3 0
nextdeploy/cli/internal/server/server.go:788.16,791.3 2 0
nextdeploy/cli/internal/server/server.go:792.2,793.16 2 0
nextdeploy/cli/internal/server/server.go:793.16,796.3 2 0
nextdeploy/cli/internal/server/server.go:797.2,797.15 1 0
nextdeploy/cli/internal/server/server.go:797.15,800.3 2 0
nextdeploy/cli/internal/server/server.go:801.2,806.19 5 0
nextdeploy/cli/internal/server/server.go:806.19,808.3 1 0
nextdeploy/cli/internal/server/server.go:810.2,817.16 3 0
nextdeploy/cli/internal/server/server.go:817.16,820.3 2 0
nextdeploy/cli/internal/server/server.go:822.2,822.19 1 0
nextdeploy/cli/internal/server/server.go:822.19,824.3 1 0
nextdeploy/cli/internal/server/server.go:826.2,827.12 2 0
nextdeploy/cli/internal/ship/ship.go:27.115,33.31 4 0
nextdeploy/cli/internal/ship/ship.go:33.31,35.30 2 0
nextdeploy/cli/internal/ship/ship.go:35.30,43.71 5 0
nextdeploy/cli/internal/ship/ship.go:43.71,45.5 1 0
nextdeploy/cli/internal/ship/ship.go:45.19,48.5 2 0
nextdeploy/cli/internal/ship/ship.go:50.4,50.105 1 0
nextdeploy/cli/internal/ship/ship.go:50.105,53.5 2 0
nextdeploy/cli/internal/ship/ship.go:55.4,56.18 2 0
nextdeploy/cli/internal/ship/ship.go:56.18,59.5 2 0
nextdeploy/cli/internal/ship/ship.go:60.4,60.64 1 0
nextdeploy/cli/internal/ship/ship.go:64.2,68.29 4 0
nextdeploy/cli/internal/ship/ship.go:68.29,70.3 1 0
nextdeploy/cli/internal/ship/ship.go:72.2,72.37 1 0
nextdeploy/cli/internal/ship/ship.go:72.37,74.3 1 0
nextdeploy/cli/internal/ship/ship.go:74.8,74.28 1 0
nextdeploy/cli/internal/ship/ship.go:74.28,76.3 1 0
nextdeploy/cli/internal/ship/ship.go:78.2,79.12 2 0
nextdeploy/cli/internal/ship/ship.go:82.124,94.16 5 0
nextdeploy/cli/internal/ship/ship.go:94.16,96.3 1 0
nextdeploy/cli/internal/ship/ship.go:97.2,106.85 6 0
nextdeploy/cli/internal/ship/ship.go:106.85,108.3 1 0
nextdeploy/cli/internal/ship/ship.go:111.2,111.43 1 0
nextdeploy/cli/internal/ship/ship.go:111.43,113.33 2 0
nextdeploy/cli/internal/ship/ship.go:113.33,120.52 4 0
nextdeploy/cli/internal/ship/ship.go:120.52,123.5 2 0
nextdeploy/cli/internal/ship/ship.go:125.4,132.28 4 0
nextdeploy/cli/internal/ship/ship.go:132.28,135.92 2 0
nextdeploy/cli/internal/ship/ship.go:135.92,138.6 2 0
nextdeploy/cli/internal/ship/ship.go:142.4,142.69 1 0
nextdeploy/cli/internal/ship/ship.go:142.69,144.5 1 0
nextdeploy/cli/internal/ship/ship.go:144.19,147.5 2 0
nextdeploy/cli/internal/ship/ship.go:149.4,149.77 1 0
nextdeploy/cli/internal/ship/ship.go:154.2,155.12 2 0
nextdeploy/cli/internal/ship/ship.go:155.12,162.64 5 0
nextdeploy/cli/internal/ship/ship.go:162.64,165.4 2 0
nextdeploy/cli/internal/ship/ship.go:167.3,172.110 3 0
nextdeploy/cli/internal/ship/ship.go:172.110,175.4 2 0
nextdeploy/cli/internal/ship/ship.go:178.3,178.97 1 0
nextdeploy/cli/internal/ship/ship.go:178.97,179.18 1 0
nextdeploy/cli/internal/ship/ship.go:179.18,181.5 1 0
nextdeploy/cli/internal/ship/ship.go:183.4,183.20 1 0
nextdeploy/cli/internal/ship/ship.go:183.20,185.5 1 0
nextdeploy/cli/internal/ship/ship.go:187.4,188.18 2 0
nextdeploy/cli/internal/ship/ship.go:188.18,190.5 1 0
nextdeploy/cli/internal/ship/ship.go:192.4,196.44 3 0
nextdeploy/cli/internal/ship/ship.go:196.44,198.100 1 0
nextdeploy/cli/internal/ship/ship.go:198.100,200.6 1 0
nextdeploy/cli/internal/ship/ship.go:204.4,204.90 1 0
nextdeploy/cli/internal/ship/ship.go:204.90,206.5 1 0
nextdeploy/cli/internal/ship/ship.go:209.4,209.48 1 0
nextdeploy/cli/internal/ship/ship.go:209.48,211.70 1 0
nextdeploy/cli/internal/ship/ship.go:211.70,213.6 1 0
nextdeploy/cli/internal/ship/ship.go:216.4,217.14 2 0
nextdeploy/cli/internal/ship/ship.go:220.3,220.17 1 0
nextdeploy/cli/internal/ship/ship.go:220.17,223.4 2 0
nextdeploy/cli/internal/ship/ship.go:225.3,225.100 1 0
nextdeploy/cli/internal/ship/ship.go:229.2,230.12 2 0
nextdeploy/cli/internal/ship/ship.go:230.12,237.17 5 0
nextdeploy/cli/internal/ship/ship.go:237.17,240.4 2 0
nextdeploy/cli/internal/ship/ship.go:241.3,242.58 2 0
nextdeploy/cli/internal/ship/ship.go:242.58,245.4 2 0
nextdeploy/cli/internal/ship/ship.go:247.3,252.98 3 0
nextdeploy/cli/internal/ship/ship.go:252.98,255.4 2 0
nextdeploy/cli/internal/ship/ship.go:258.3,258.90 1 0
nextdeploy/cli/internal/ship/ship.go:258.90,259.18 1 0
nextdeploy/cli/internal/ship/ship.go:259.18,261.5 1 0
nextdeploy/cli/internal/ship/ship.go:263.4,263.20 1 0
nextdeploy/cli/internal/ship/ship.go:263.20,265.5 1 0
nextdeploy/cli/internal/ship/ship.go:267.4,268.18 2 0
nextdeploy/cli/internal/ship/ship.go:268.18,270.5 1 0
nextdeploy/cli/internal/ship/ship.go:272.4,276.38 3 0
nextdeploy/cli/internal/ship/ship.go:276.38,278.100 1 0
nextdeploy/cli/internal/ship/ship.go:278.100,280.6 1 0
nextdeploy/cli/internal/ship/ship.go:284.4,284.90 1 0
nextdeploy/cli/internal/ship/ship.go:284.90,286.5 1 0
nextdeploy/cli/internal/ship/ship.go:288.4,289.14 2 0
nextdeploy/cli/internal/ship/ship.go:292.3,292.17 1 0
nextdeploy/cli/internal/ship/ship.go:292.17,295.4 2 0
nextdeploy/cli/internal/ship/ship.go:297.3,297.98 1 0
nextdeploy/cli/internal/ship/ship.go:300.2,303.29 3 0
nextdeploy/cli/internal/ship/ship.go:303.29,304.19 1 0
nextdeploy/cli/internal/ship/ship.go:304.19,306.4 1 0
nextdeploy/cli/internal/ship/ship.go:307.3,307.68 1 0
nextdeploy/cli/internal/ship/ship.go:310.2,310.12 1 0
nextdeploy/cli/internal/ship/ship.go:313.137,322.2 4 0
nextdeploy/cli/internal/ship/ship.go:324.139,331.16 5 0
nextdeploy/cli/internal/ship/ship.go:331.16,333.3 1 0
nextdeploy/cli/internal/ship/ship.go:335.2,337.12 3 0
nextdeploy/cli/internal/ship/ship.go:340.119,345.2 3 0
nextdeploy/cli/internal/ship/ship.go:347.110,350.54 2 0
nextdeploy/cli/internal/ship/ship.go:350.54,351.10 1 0
nextdeploy/cli/internal/ship/ship.go:352.21,353.22 1 0
nextdeploy/cli/internal/ship/ship.go:353.22,355.5 1 0
nextdeploy/cli/internal/ship/ship.go:356.4,356.20 1 0
nextdeploy/cli/internal/ship/ship.go:357.11,357.11 0 0
nextdeploy/cli/internal/ship/ship.go:360.3,361.17 2 0
nextdeploy/cli/internal/ship/ship.go:361.17,363.4 1 0
nextdeploy/cli/internal/ship/ship.go:365.3,366.28 2 0
nextdeploy/cli/internal/ship/ship.go:366.28,371.11 3 0
nextdeploy/cli/internal/ship/ship.go:372.29,372.29 0 0
nextdeploy/cli/internal/ship/ship.go:373.22,374.79 1 0
nextdeploy/cli/internal/ship/ship.go:379.2,379.78 1 0
nextdeploy/shared/docker/docker.go:105.69,110.16 2 0
nextdeploy/shared/docker/docker.go:110.16,113.3 2 0
nextdeploy/shared/docker/docker.go:114.2,117.8 1 0
nextdeploy/shared/docker/docker.go:120.94,124.12 3 0
nextdeploy/shared/docker/docker.go:124.12,130.17 4 0
nextdeploy/shared/docker/docker.go:130.17,134.4 3 0
nextdeploy/shared/docker/docker.go:135.3,139.17 3 0
nextdeploy/shared/docker/docker.go:139.17,143.4 3 0
nextdeploy/shared/docker/docker.go:146.3,147.90 2 0
nextdeploy/shared/docker/docker.go:147.90,148.18 1 0
nextdeploy/shared/docker/docker.go:148.18,151.5 2 0
nextdeploy/shared/docker/docker.go:154.4,157.36 1 0
nextdeploy/shared/docker/docker.go:157.36,159.5 1 0
nextdeploy/shared/docker/docker.go:161.4,163.18 3 0
nextdeploy/shared/docker/docker.go:163.18,166.5 2 0
nextdeploy/shared/docker/docker.go:167.4,167.44 1 0
nextdeploy/shared/docker/docker.go:170.3,170.17 1 0
nextdeploy/shared/docker/docker.go:170.17,174.4 3 0
nextdeploy/shared/docker/docker.go:177.2,177.16 1 0
nextdeploy/shared/docker/docker.go:180.65,188.44 2 0
nextdeploy/shared/docker/docker.go:188.44,191.3 2 0
nextdeploy/shared/docker/docker.go:192.2,193.12 2 0
nextdeploy/shared/docker/docker.go:195.87,197.16 2 0
nextdeploy/shared/docker/docker.go:197.16,201.3 3 0
nextdeploy/shared/docker/docker.go:202.2,204.16 3 0
nextdeploy/shared/docker/docker.go:204.16,208.3 3 0
nextdeploy/shared/docker/docker.go:209.2,210.55 2 0
nextdeploy/shared/docker/docker.go:210.55,214.3 3 0
nextdeploy/shared/docker/docker.go:216.2,218.16 3 0
nextdeploy/shared/docker/docker.go:218.16,220.13 2 0
nextdeploy/shared/docker/docker.go:224.2,226.29 3 0
nextdeploy/shared/docker/docker.go:226.29,228.3 1 0
nextdeploy/shared/docker/docker.go:231.2,232.16 2 0
nextdeploy/shared/docker/docker.go:232.16,234.13 2 0
nextdeploy/shared/docker/docker.go:238.2,245.16 3 0
nextdeploy/shared/docker/docker.go:245.16,247.13 2 0
nextdeploy/shared/docker/docker.go:249.2,253.21 3 0
nextdeploy/shared/docker/docker.go:253.21,258.73 3 0
nextdeploy/shared/docker/docker.go:258.73,261.4 2 0
nextdeploy/shared/docker/docker.go:264.2,265.16 2 0
nextdeploy/shared/docker/docker.go:265.16,269.3 3 0
nextdeploy/shared/docker/docker.go:272.2,274.16 3 0
nextdeploy/shared/docker/docker.go:274.16,278.3 3 0
nextdeploy/shared/docker/docker.go:280.2,282.12 2 0
nextdeploy/shared/docker/docker.go:285.74,289.12 3 0
nextdeploy/shared/docker/docker.go:289.12,295.17 4 0
nextdeploy/shared/docker/docker.go:295.17,299.4 3 0
nextdeploy/shared/docker/docker.go:300.3,304.17 3 0
nextdeploy/shared/docker/docker.go:304.17,308.4 3 0
nextdeploy/shared/docker/docker.go:311.3,312.90 2 0
nextdeploy/shared/docker/docker.go:312.90,313.18 1 0
nextdeploy/shared/docker/docker.go:313.18,316.5 2 0
nextdeploy/shared/docker/docker.go:319.4,322.36 1 0
nextdeploy/shared/docker/docker.go:322.36,324.5 1 0
nextdeploy/shared/docker/docker.go:326.4,328.18 3 0
nextdeploy/shared/docker/docker.go:328.18,331.5 2 0
nextdeploy/shared/docker/docker.go:332.4,332.44 1 0
nextdeploy/shared/docker/docker.go:335.3,335.17 1 0
nextdeploy/shared/docker/docker.go:335.17,339.4 3 0
nextdeploy/shared/docker/docker.go:342.2,342.16 1 0
nextdeploy/shared/docker/docker.go:346.135,349.30 2 0
nextdeploy/shared/docker/docker.go:349.30,352.3 2 0
nextdeploy/shared/docker/docker.go:353.2,357.16 3 0
nextdeploy/shared/docker/docker.go:357.16,360.3 2 0
nextdeploy/shared/docker/docker.go:361.2,376.16 5 0
nextdeploy/shared/docker/docker.go:376.16,379.3 2 0
nextdeploy/shared/docker/docker.go:380.2,383.65 2 0
nextdeploy/shared/docker/docker.go:383.65,385.3 1 0
nextdeploy/shared/docker/docker.go:387.2,388.23 2 0
nextdeploy/shared/docker/docker.go:392.141,395.16 2 0
nextdeploy/shared/docker/docker.go:395.16,398.3 2 0
nextdeploy/shared/docker/docker.go:401.2,402.16 2 0
nextdeploy/shared/docker/docker.go:402.16,405.3 2 0
nextdeploy/shared/docker/docker.go:407.2,408.25 2 0
nextdeploy/shared/docker/docker.go:412.68,414.21 2 0
nextdeploy/shared/docker/docker.go:414.21,423.64 3 0
nextdeploy/shared/docker/docker.go:423.64,426.12 2 0
nextdeploy/shared/docker/docker.go:430.3,430.27 1 0
nextdeploy/shared/docker/docker.go:430.27,432.4 1 0
nextdeploy/shared/docker/docker.go:433.3,433.27 1 0
nextdeploy/shared/docker/docker.go:433.27,435.4 1 0
nextdeploy/shared/docker/docker.go:436.3,436.26 1 0
nextdeploy/shared/docker/docker.go:436.26,439.4 2 0
nextdeploy/shared/docker/docker.go:442.3,442.55 1 0
nextdeploy/shared/docker/docker.go:442.55,445.4 2 0
nextdeploy/shared/docker/docker.go:448.2,448.22 1 0
nextdeploy/shared/docker/docker.go:450.104,457.16 6 0
nextdeploy/shared/docker/docker.go:457.16,460.3 2 0
nextdeploy/shared/docker/docker.go:461.2,461.88 1 0
nextdeploy/shared/docker/docker.go:461.88,464.3 2 0
nextdeploy/shared/docker/docker.go:467.2,467.43 1 0
nextdeploy/shared/docker/docker.go:467.43,470.3 2 0
nextdeploy/shared/docker/docker.go:473.2,473.52 1 0
nextdeploy/shared/docker/docker.go:473.52,476.3 2 0
nextdeploy/shared/docker/docker.go:478.2,483.86 4 0
nextdeploy/shared/docker/docker.go:483.86,486.3 2 0
nextdeploy/shared/docker/docker.go:488.2,488.32 1 0
nextdeploy/shared/docker/docker.go:491.90,528.2 3 0
nextdeploy/shared/docker/docker.go:529.59,532.16 2 0
nextdeploy/shared/docker/docker.go:532.16,534.3 1 0
nextdeploy/shared/docker/docker.go:537.2,538.16 2 0
nextdeploy/shared/docker/docker.go:538.16,541.3 2 0
nextdeploy/shared/docker/docker.go:544.2,545.24 2 0
nextdeploy/shared/docker/docker.go:546.14,547.55 1 0
nextdeploy/shared/docker/docker.go:548.14,549.60 1 0
nextdeploy/shared/docker/docker.go:550.10,551.63 1 0
nextdeploy/shared/docker/docker.go:555.2,555.36 1 0
nextdeploy/shared/docker/docker.go:555.36,556.54 1 0
nextdeploy/shared/docker/docker.go:556.54,559.4 2 0
nextdeploy/shared/docker/docker.go:563.2,564.35 2 0
nextdeploy/shared/docker/docker.go:564.35,565.54 1 0
nextdeploy/shared/docker/docker.go:565.54,568.4 2 0
nextdeploy/shared/docker/docker.go:572.2,573.27 2 0
nextdeploy/shared/docker/docker.go:573.27,574.41 1 0
nextdeploy/shared/docker/docker.go:574.41,575.58 1 0
nextdeploy/shared/docker/docker.go:575.58,578.5 2 0
nextdeploy/shared/docker/docker.go:582.2,582.12 1 0
nextdeploy/shared/docker/docker.go:585.69,587.84 1 0
nextdeploy/shared/docker/docker.go:587.84,588.17 1 0
nextdeploy/shared/docker/docker.go:588.17,591.4 2 0
nextdeploy/shared/docker/docker.go:592.3,592.19 1 0
nextdeploy/shared/docker/docker.go:592.19,594.4 1 0
nextdeploy/shared/docker/docker.go:597.3,598.17 2 0
nextdeploy/shared/docker/docker.go:598.17,601.4 2 0
nextdeploy/shared/docker/docker.go:604.3,610.48 2 0
nextdeploy/shared/docker/docker.go:610.48,613.4 2 0
nextdeploy/shared/docker/docker.go:615.3,615.46 1 0
nextdeploy/shared/docker/docker.go:615.46,618.4 2 0
nextdeploy/shared/docker/docker.go:620.3,620.13 1 0
nextdeploy/shared/docker/docker.go:623.69,626.37 2 0
nextdeploy/shared/docker/docker.go:626.37,627.52 1 0
nextdeploy/shared/docker/docker.go:627.52,628.64 1 0
nextdeploy/shared/docker/docker.go:628.64,631.5 2 0
nextdeploy/shared/docker/docker.go:636.2,636.90 1 0
nextdeploy/shared/docker/docker.go:636.90,639.3 2 0
nextdeploy/shared/docker/docker.go:641.2,641.12 1 0
nextdeploy/shared/docker/docker.go:645.60,655.2 4 0
nextdeploy/shared/docker/docker.go:656.80,658.16 2 0
nextdeploy/shared/docker/docker.go:658.16,659.25 1 0
nextdeploy/shared/docker/docker.go:659.25,663.4 2 0
nextdeploy/shared/docker/docker.go:664.3,664.13 1 0
nextdeploy/shared/docker/docker.go:667.2,667.66 1 0
nextdeploy/shared/docker/docker.go:667.66,670.3 2 0
nextdeploy/shared/docker/docker.go:671.2,671.12 1 0
nextdeploy/shared/docker/docker.go:675.82,681.44 2 0
nextdeploy/shared/docker/docker.go:681.44,684.3 2 0
nextdeploy/shared/docker/docker.go:685.2,686.16 2 0
nextdeploy/shared/docker/docker.go:686.16,690.3 2 0
nextdeploy/shared/docker/docker.go:691.2,691.12 1 0
nextdeploy/shared/docker/docker.go:695.69,700.16 4 0
nextdeploy/shared/docker/docker.go:700.16,701.25 1 0
nextdeploy/shared/docker/docker.go:701.25,704.4 2 0
nextdeploy/shared/docker/docker.go:705.3,706.65 2 0
nextdeploy/shared/docker/docker.go:708.2,708.18 1 0
nextdeploy/shared/docker/docker.go:708.18,711.3 2 0
nextdeploy/shared/docker/docker.go:713.2,713.18 1 0
nextdeploy/shared/docker/docker.go:717.91,719.16 2 0
nextdeploy/shared/docker/docker.go:719.16,722.3 2 0
nextdeploy/shared/docker/docker.go:723.2,723.26 1 0
nextdeploy/shared/docker/docker.go:723.26,725.3 1 0
nextdeploy/shared/docker/docker.go:726.2,727.16 2 0
nextdeploy/shared/docker/docker.go:727.16,730.3 2 0
nextdeploy/shared/docker/docker.go:732.2,732.41 1 0
nextdeploy/shared/docker/docker.go:736.69,742.16 5 0
nextdeploy/shared/docker/docker.go:742.16,745.3 2 0
nextdeploy/shared/docker/docker.go:747.2,748.12 2 0
nextdeploy/shared/docker/docker.go:752.87,849.9 3 0
nextdeploy/shared/docker/docker.go:849.9,852.3 2 0
nextdeploy/shared/docker/docker.go:854.2,854.61 1 0
nextdeploy/shared/docker/docker.go:858.63,859.20 1 0
nextdeploy/shared/docker/docker.go:859.20,862.3 2 0
nextdeploy/shared/docker/docker.go:864.2,864.21 1 0
nextdeploy/shared/docker/docker.go:864.21,867.3 2 0
nextdeploy/shared/docker/docker.go:870.2,874.43 4 0
nextdeploy/shared/docker/docker.go:874.43,877.3 2 0
nextdeploy/shared/docker/docker.go:879.2,879.21 1 0
nextdeploy/shared/docker/docker.go:879.21,881.21 2 0
nextdeploy/shared/docker/docker.go:881.21,884.4 2 0
nextdeploy/shared/docker/docker.go:887.3,887.27 1 0
nextdeploy/shared/docker/docker.go:887.27,889.4 1 0
nextdeploy/shared/docker/docker.go:891.3,891.33 1 0
nextdeploy/shared/docker/docker.go:891.33,894.4 2 0
nextdeploy/shared/docker/docker.go:897.2,897.12 1 0
nextdeploy/shared/docker/docker.go:901.39,902.35 1 0
nextdeploy/shared/docker/docker.go:902.35,904.3 1 0
nextdeploy/shared/docker/docker.go:905.2,906.16 2 0
nextdeploy/shared/docker/docker.go:910.55,913.16 3 0
nextdeploy/shared/docker/docker.go:913.16,916.3 2 0
nextdeploy/shared/docker/docker.go:918.2,923.16 4 0
nextdeploy/shared/docker/docker.go:923.16,926.3 2 0
nextdeploy/shared/docker/docker.go:927.2,927.12 1 0
nextdeploy/shared/docker/docker.go:929.116,931.16 2 0
nextdeploy/shared/docker/docker.go:931.16,934.3 2 0
nextdeploy/shared/docker/docker.go:935.2,936.16 2 0
nextdeploy/shared/docker/docker.go:936.16,939.3 2 0
nextdeploy/shared/docker/docker.go:940.2,941.16 2 0
nextdeploy/shared/docker/docker.go:941.16,944.3 2 0
nextdeploy/shared/docker/docker.go:945.2,945.34 1 0
nextdeploy/shared/docker/docker.go:945.34,951.23 3 0
nextdeploy/shared/docker/docker.go:951.23,952.13 1 0
nextdeploy/shared/docker/docker.go:952.13,956.19 3 0
nextdeploy/shared/docker/docker.go:956.19,959.6 2 0
nextdeploy/shared/docker/docker.go:960.5,960.15 1 0
nextdeploy/shared/docker/docker.go:960.15,962.20 2 0
nextdeploy/shared/docker/docker.go:962.20,965.7 2 0
nextdeploy/shared/docker/docker.go:965.12,967.7 1 0
nextdeploy/shared/docker/docker.go:970.4,971.18 2 0
nextdeploy/shared/docker/docker.go:971.18,974.5 2 0
nextdeploy/shared/docker/docker.go:975.4,975.43 1 0
nextdeploy/shared/docker/docker.go:977.3,980.17 3 0
nextdeploy/shared/docker/docker.go:980.17,983.4 2 0
nextdeploy/shared/docker/docker.go:985.2,985.59 1 0
nextdeploy/shared/docker/docker.go:985.59,987.60 2 0
nextdeploy/shared/docker/docker.go:987.60,990.4 2 0
nextdeploy/shared/docker/docker.go:993.2,994.15 2 0
nextdeploy/shared/docker/docker.go:994.15,1001.17 6 0
nextdeploy/shared/docker/docker.go:1001.17,1004.4 2 0
nextdeploy/shared/docker/docker.go:1005.3,1005.59 1 0
nextdeploy/shared/docker/docker.go:1008.2,1008.12 1 0
nextdeploy/shared/docker/docker.go:1011.95,1012.86 1 0
nextdeploy/shared/docker/docker.go:1012.86,1014.17 2 0
nextdeploy/shared/docker/docker.go:1014.17,1017.4 2 0
nextdeploy/shared/docker/docker.go:1019.3,1019.13 1 0
nextdeploy/shared/docker/docker.go:1019.13,1020.103 1 0
nextdeploy/shared/docker/docker.go:1020.103,1024.5 3 0
nextdeploy/shared/docker/docker.go:1027.3,1028.19 2 0
nextdeploy/shared/docker/docker.go:1028.19,1030.18 2 0
nextdeploy/shared/docker/docker.go:1030.18,1033.5 2 0
nextdeploy/shared/docker/docker.go:1034.4,1035.18 2 0
nextdeploy/shared/docker/docker.go:1035.18,1038.5 2 0
nextdeploy/shared/docker/docker.go:1039.4,1039.39 1 0
nextdeploy/shared/docker/docker.go:1042.3,1043.17 2 0
nextdeploy/shared/docker/docker.go:1043.17,1046.4 2 0
nextdeploy/shared/docker/docker.go:1047.3,1049.78 2 0
nextdeploy/shared/docker/docker.go:1049.78,1050.47 1 0
nextdeploy/shared/docker/docker.go:1050.47,1053.5 1 0
nextdeploy/shared/docker/docker.go:1053.10,1056.5 2 0
nextdeploy/shared/docker/docker.go:1057.9,1059.4 1 0
nextdeploy/shared/docker/docker.go:1061.3,1061.92 1 0
nextdeploy/shared/docker/docker.go:1061.92,1062.44 1 0
nextdeploy/shared/docker/docker.go:1062.44,1065.5 2 0
nextdeploy/shared/docker/docker.go:1065.10,1068.5 2 0
nextdeploy/shared/docker/docker.go:1072.2,1072.12 1 0
nextdeploy/shared/docker/docker.go:1075.30,1085.56 3 0
nextdeploy/shared/docker/docker.go:1085.56,1087.3 1 0
nextdeploy/shared/docker/docker.go:1089.2,1090.32 2 0
nextdeploy/shared/docker/docker.go:1090.32,1091.40 1 0
nextdeploy/shared/docker/docker.go:1091.40,1093.4 1 0
nextdeploy/shared/docker/docker.go:1096.2,1096.21 1 0
nextdeploy/shared/docker/docker.go:1096.21,1098.3 1 0
nextdeploy/shared/docker/docker.go:1100.2,1101.16 2 0
nextdeploy/shared/docker/docker.go:1101.16,1103.3 1 0
nextdeploy/shared/docker/docker.go:1105.2,1106.16 2 0
nextdeploy/shared/docker/docker.go:1106.16,1108.3 1 0
nextdeploy/shared/docker/docker.go:1110.2,1111.16 2 0
nextdeploy/shared/docker/docker.go:1111.16,1113.3 1 0
nextdeploy/shared/docker/docker.go:1115.2,1115.12 1 0
nextdeploy/shared/docker/docker.go:1118.33,1149.52 2 0
nextdeploy/shared/docker/docker.go:1149.52,1152.17 2 0
nextdeploy/shared/docker/docker.go:1152.17,1154.4 1 0
nextdeploy/shared/docker/docker.go:1157.3,1161.38 3 0
nextdeploy/shared/docker/docker.go:1161.38,1163.51 2 0
nextdeploy/shared/docker/docker.go:1163.51,1165.5 1 0
nextdeploy/shared/docker/docker.go:1169.3,1170.33 2 0
nextdeploy/shared/docker/docker.go:1170.33,1172.50 2 0
nextdeploy/shared/docker/docker.go:1172.50,1174.5 1 0
nextdeploy/shared/docker/docker.go:1174.10,1174.38 1 0
nextdeploy/shared/docker/docker.go:1174.38,1176.5 1 0
nextdeploy/shared/docker/docker.go:1180.3,1181.60 2 0
nextdeploy/shared/docker/docker.go:1181.60,1183.4 1 0
nextdeploy/shared/docker/docker.go:1184.3,1188.17 3 0
nextdeploy/shared/docker/docker.go:1188.17,1190.4 1 0
nextdeploy/shared/docker/docker.go:1191.3,1191.13 1 0
nextdeploy/shared/docker/docker.go:1195.2,1197.16 3 0
nextdeploy/shared/docker/docker.go:1197.16,1199.3 1 0
nextdeploy/shared/docker/docker.go:1200.2,1200.12 1 0
nextdeploy/shared/agent.go:11.33,13.40 2 0
nextdeploy/shared/agent.go:13.40,16.3 1 0
nextdeploy/shared/agent.go:17.2,17.30 1 0
nextdeploy/shared/crypto.go:57.88,63.16 4 0
nextdeploy/shared/crypto.go:63.16,65.3 1 0
nextdeploy/shared/crypto.go:67.2,69.16 3 0
nextdeploy/shared/crypto.go:69.16,71.3 1 0
nextdeploy/shared/crypto.go:73.2,74.16 2 0
nextdeploy/shared/crypto.go:74.16,76.3 1 0
nextdeploy/shared/crypto.go:78.2,79.17 2 0
nextdeploy/shared/crypto.go:82.52,83.25 1 0
nextdeploy/shared/crypto.go:83.25,85.3 1 0
nextdeploy/shared/crypto.go:88.2,89.22 2 0
nextdeploy/shared/crypto.go:89.22,91.3 1 0
nextdeploy/shared/crypto.go:94.2,98.16 4 0
nextdeploy/shared/crypto.go:98.16,100.3 1 0
nextdeploy/shared/crypto.go:102.2,105.71 3 0
nextdeploy/shared/crypto.go:105.71,107.3 1 0
nextdeploy/shared/crypto.go:109.2,109.55 1 0
nextdeploy/shared/crypto.go:112.34,114.19 1 0
nextdeploy/shared/crypto.go:114.19,116.3 1 0
nextdeploy/shared/crypto.go:119.2,119.119 1 0
nextdeploy/shared/crypto.go:119.119,121.3 1 0
nextdeploy/shared/crypto.go:125.26,126.19 1 0
nextdeploy/shared/crypto.go:126.19,128.3 1 0
nextdeploy/shared/crypto.go:131.2,131.21 1 0
nextdeploy/shared/crypto.go:131.21,133.3 1 0
nextdeploy/shared/crypto.go:136.2,139.121 2 0
nextdeploy/shared/crypto.go:139.121,141.3 1 0
nextdeploy/shared/crypto.go:144.42,148.16 3 0
nextdeploy/shared/crypto.go:148.16,151.3 2 0
nextdeploy/shared/crypto.go:152.2,153.23 2 0
nextdeploy/shared/crypto.go:153.23,156.3 2 0
nextdeploy/shared/crypto.go:158.2,159.59 2 0
nextdeploy/shared/crypto.go:159.59,162.3 2 0
nextdeploy/shared/crypto.go:164.2,165.16 2 0
nextdeploy/shared/crypto.go:165.16,168.3 2 0
nextdeploy/shared/crypto.go:170.2,176.8 1 0
nextdeploy/shared/crypto.go:179.36,182.2 1 0
nextdeploy/shared/crypto.go:184.57,190.2 2 0
nextdeploy/shared/crypto.go:194.94,195.43 1 0
nextdeploy/shared/crypto.go:195.43,198.3 2 0
nextdeploy/shared/crypto.go:199.2,200.16 2 0
nextdeploy/shared/crypto.go:200.16,203.3 2 0
nextdeploy/shared/crypto.go:205.2,206.39 2 0
nextdeploy/shared/crypto.go:212.63,214.16 2 0
nextdeploy/shared/crypto.go:214.16,217.3 2 0
nextdeploy/shared/crypto.go:218.2,219.16 2 0
nextdeploy/shared/crypto.go:219.16,222.3 2 0
nextdeploy/shared/crypto.go:223.2,224.59 2 0
nextdeploy/shared/crypto.go:224.59,227.3 2 0
nextdeploy/shared/crypto.go:228.2,229.31 2 0
nextdeploy/shared/crypto.go:232.75,234.16 2 0
nextdeploy/shared/crypto.go:234.16,237.3 2 0
nextdeploy/shared/crypto.go:238.2,239.16 2 0
nextdeploy/shared/crypto.go:239.16,242.3 2 0
nextdeploy/shared/crypto.go:243.2,244.16 2 0
nextdeploy/shared/crypto.go:244.16,247.3 2 0
nextdeploy/shared/crypto.go:248.2,248.23 1 0
nextdeploy/shared/crypto.go:252.71,253.39 1 0
nextdeploy/shared/crypto.go:253.39,256.3 2 0
nextdeploy/shared/crypto.go:257.2,258.37 2 0
nextdeploy/shared/crypto.go:258.37,261.3 2 0
nextdeploy/shared/crypto.go:262.2,263.23 2 0
nextdeploy/shared/crypto.go:267.87,269.46 1 0
nextdeploy/shared/crypto.go:269.46,272.3 2 0
nextdeploy/shared/crypto.go:273.2,273.37 1 0
nextdeploy/shared/crypto.go:273.37,276.3 2 0
nextdeploy/shared/crypto.go:277.2,278.12 2 0
nextdeploy/shared/crypto.go:278.12,281.3 2 0
nextdeploy/shared/crypto.go:282.2,283.18 2 0
nextdeploy/shared/crypto.go:286.71,287.37 1 0
nextdeploy/shared/crypto.go:287.37,290.3 2 0
nextdeploy/shared/crypto.go:291.2,293.25 3 0
nextdeploy/shared/crypto.go:297.55,299.16 2 0
nextdeploy/shared/crypto.go:299.16,302.3 2 0
nextdeploy/shared/crypto.go:303.2,306.16 4 0
nextdeploy/shared/crypto.go:306.16,309.3 2 0
nextdeploy/shared/crypto.go:310.2,310.32 1 0
nextdeploy/shared/crypto.go:310.32,313.3 2 0
nextdeploy/shared/crypto.go:314.2,314.17 1 0
nextdeploy/shared/jwt.go:30.102,31.23 1 0
nextdeploy/shared/jwt.go:31.23,33.3 1 0
nextdeploy/shared/jwt.go:35.2,35.20 1 0
nextdeploy/shared/jwt.go:35.20,37.3 1 0
nextdeploy/shared/jwt.go:38.2,52.39 5 0
nextdeploy/shared/jwt.go:56.64,60.2 1 0
nextdeploy/shared/jwt.go:67.22,68.22 1 0
nextdeploy/shared/jwt.go:68.22,70.3 1 0
nextdeploy/shared/jwt.go:72.2,72.106 1 0
nextdeploy/shared/jwt.go:72.106,74.59 1 0
nextdeploy/shared/jwt.go:74.59,76.4 1 0
nextdeploy/shared/jwt.go:79.3,79.50 1 0
nextdeploy/shared/jwt.go:79.50,81.26 2 0
nextdeploy/shared/jwt.go:81.26,83.5 1 0
nextdeploy/shared/jwt.go:86.3,86.24 1 0
nextdeploy/shared/jwt.go:89.2,89.16 1 0
nextdeploy/shared/jwt.go:89.16,91.3 1 0
nextdeploy/shared/jwt.go:93.2,93.63 1 0
nextdeploy/shared/jwt.go:93.63,95.29 1 0
nextdeploy/shared/jwt.go:95.29,96.75 1 0
nextdeploy/shared/jwt.go:96.75,98.5 1 0
nextdeploy/shared/jwt.go:101.3,101.21 1 0
nextdeploy/shared/jwt.go:104.2,104.29 1 0
nextdeploy/shared/jwt.go:107.33,113.2 1 0
nextdeploy/shared/jwt.go:115.72,120.2 1 0
nextdeploy/shared/logger.go:83.77,94.2 1 0
nextdeploy/shared/logger.go:97.30,99.2 1 0
nextdeploy/shared/logger.go:102.43,106.2 3 0
nextdeploy/shared/logger.go:109.41,113.2 3 0
nextdeploy/shared/logger.go:116.48,120.2 3 0
nextdeploy/shared/logger.go:123.47,127.2 3 0
nextdeploy/shared/logger.go:130.44,134.2 3 0
nextdeploy/shared/logger.go:137.43,141.2 3 0
nextdeploy/shared/logger.go:144.47,148.2 3 0
nextdeploy/shared/logger.go:151.66,155.2 3 0
nextdeploy/shared/logger.go:158.35,172.2 3 0
nextdeploy/shared/logger.go:175.71,176.24 1 0
nextdeploy/shared/logger.go:176.24,178.3 1 0
nextdeploy/shared/logger.go:180.2,184.18 4 0
nextdeploy/shared/logger.go:184.18,187.9 2 0
nextdeploy/shared/logger.go:187.9,190.22 2 0
nextdeploy/shared/logger.go:190.22,192.5 1 0
nextdeploy/shared/logger.go:193.4,193.49 1 0
nextdeploy/shared/logger.go:198.2,199.29 2 0
nextdeploy/shared/logger.go:199.29,200.65 1 0
nextdeploy/shared/logger.go:200.65,202.4 1 0
nextdeploy/shared/logger.go:206.2,212.21 6 0
nextdeploy/shared/logger.go:212.21,215.3 2 0
nextdeploy/shared/logger.go:217.2,226.21 5 0
nextdeploy/shared/logger.go:226.21,228.3 1 0
nextdeploy/shared/logger.go:231.2,231.18 1 0
nextdeploy/shared/logger.go:231.18,233.3 1 0
nextdeploy/shared/logger.go:236.2,239.22 2 0
nextdeploy/shared/logger.go:239.22,241.3 1 0
nextdeploy/shared/logger.go:244.2,247.22 2 0
nextdeploy/shared/logger.go:247.22,249.3 1 0
nextdeploy/shared/logger.go:251.2,251.36 1 0
nextdeploy/shared/logger.go:255.57,257.2 1 0
nextdeploy/shared/logger.go:260.57,262.2 1 0
nextdeploy/shared/logger.go:265.56,267.2 1 0
nextdeploy/shared/logger.go:270.56,272.2 1 0
nextdeploy/shared/logger.go:275.57,277.2 1 0
nextdeploy/shared/logger.go:280.57,283.2 2 0
nextdeploy/shared/logger.go:286.59,288.2 1 0
nextdeploy/shared/logger.go:291.52,307.33 4 0
nextdeploy/shared/logger.go:307.33,309.3 1 0
nextdeploy/shared/logger.go:311.2,311.18 1 0
nextdeploy/shared/logger.go:315.64,319.2 3 0
nextdeploy/shared/logger.go:322.49,326.12 3 0
nextdeploy/shared/logger.go:326.12,329.7 3 0
nextdeploy/shared/logger.go:329.7,330.11 1 0
nextdeploy/shared/logger.go:331.16,332.11 1 0
nextdeploy/shared/logger.go:333.12,337.24 4 0
nextdeploy/shared/logger.go:337.24,340.6 2 0
nextdeploy/shared/logger.go:341.5,342.24 2 0
nextdeploy/shared/logger.go:342.24,344.6 1 0
nextdeploy/shared/logger.go:345.5,348.39 4 0
nextdeploy/shared/logger.go:353.2,360.47 5 0
nextdeploy/shared/logger.go:364.57,365.24 1 0
nextdeploy/shared/logger.go:365.24,367.3 1 0
nextdeploy/shared/logger.go:369.2,370.16 2 0
nextdeploy/shared/logger.go:370.16,373.3 2 0
nextdeploy/shared/logger.go:375.2,376.32 2 0
nextdeploy/shared/logger.go:381.75,382.24 1 0
nextdeploy/shared/logger.go:382.24,384.3 1 0
nextdeploy/shared/logger.go:387.2,388.28 2 0
nextdeploy/shared/logger.go:388.28,390.3 1 0
nextdeploy/shared/logger.go:392.2,392.27 1 0
nextdeploy/shared/logger.go:392.27,393.28 1 0
nextdeploy/shared/logger.go:393.28,394.32 1 0
nextdeploy/shared/logger.go:394.32,396.5 1 0
nextdeploy/shared/logger.go:401.2,405.28 3 0
nextdeploy/shared/logger.go:405.28,407.25 2 0
nextdeploy/shared/logger.go:407.25,409.4 1 0
nextdeploy/shared/logger.go:413.2,414.30 2 0
nextdeploy/shared/logger.go:414.30,416.27 2 0
nextdeploy/shared/logger.go:416.27,418.4 1 0
nextdeploy/shared/logger.go:420.2,423.27 2 0
nextdeploy/shared/logger.go:423.27,424.28 1 0
nextdeploy/shared/logger.go:424.28,426.22 2 0
nextdeploy/shared/logger.go:426.22,428.5 1 0
nextdeploy/shared/logger.go:430.3,430.26 1 0
nextdeploy/shared/logger.go:433.2,433.30 1 0
nextdeploy/shared/logger.go:438.77,439.24 1 0
nextdeploy/shared/logger.go:439.24,441.3 1 0
nextdeploy/shared/logger.go:443.2,451.21 7 0
nextdeploy/shared/logger.go:451.21,454.3 2 0
nextdeploy/shared/logger.go:456.2,463.21 5 0
nextdeploy/shared/logger.go:463.21,465.3 1 0
nextdeploy/shared/logger.go:467.2,472.22 3 0
nextdeploy/shared/logger.go:472.22,474.3 1 0
nextdeploy/shared/message.go:27.87,30.16 2 0
nextdeploy/shared/message.go:30.16,32.3 1 0
nextdeploy/shared/message.go:35.2,36.16 2 0
nextdeploy/shared/message.go:36.16,38.3 1 0
nextdeploy/shared/message.go:40.2,41.16 2 0
nextdeploy/shared/message.go:41.16,43.3 1 0
nextdeploy/shared/message.go:46.2,47.59 2 0
nextdeploy/shared/message.go:47.59,49.3 1 0
nextdeploy/shared/message.go:52.2,64.26 4 0
nextdeploy/shared/message.go:67.70,69.51 2 0
nextdeploy/shared/message.go:69.51,71.3 1 0
nextdeploy/shared/message.go:74.2,74.62 1 0
nextdeploy/shared/message.go:74.62,76.3 1 0
nextdeploy/shared/message.go:79.2,83.16 3 0
nextdeploy/shared/message.go:83.16,85.3 1 0
nextdeploy/shared/message.go:87.2,88.16 2 0
nextdeploy/shared/message.go:88.16,90.3 1 0
nextdeploy/shared/message.go:93.2,94.16 2 0
nextdeploy/shared/message.go:94.16,96.3 1 0
nextdeploy/shared/message.go:98.2,98.37 1 0
nextdeploy/shared/types.go:90.34,92.2 1 0
nextdeploy/shared/types.go:95.86,97.16 2 0
nextdeploy/shared/types.go:97.16,99.3 1 0
nextdeploy/shared/types.go:101.2,106.8 1 0
nextdeploy/shared/types.go:110.83,112.16 2 0
nextdeploy/shared/types.go:112.16,114.3 1 0
nextdeploy/shared/types.go:116.2,121.8 1 0
nextdeploy/shared/types.go:195.53,199.29 3 0
nextdeploy/shared/types.go:199.29,200.49 1 0
nextdeploy/shared/types.go:200.49,201.12 1 0
nextdeploy/shared/types.go:203.3,204.22 2 0
nextdeploy/shared/types.go:204.22,208.4 2 0
nextdeploy/shared/types.go:209.3,211.31 3 0
nextdeploy/shared/types.go:211.31,214.4 2 0
nextdeploy/shared/types.go:215.3,215.25 1 0
nextdeploy/shared/types.go:217.2,220.8 1 0
nextdeploy/shared/utils.go:11.41,13.2 1 0
nextdeploy/shared/utils.go:15.55,17.16 2 0
nextdeploy/shared/utils.go:17.16,19.3 1 0
nextdeploy/shared/utils.go:20.2,20.18 1 0
nextdeploy/shared/utils.go:22.38,24.2 1 0
nextdeploy/shared/utils.go:25.52,27.16 2 0
nextdeploy/shared/utils.go:27.16,29.3 1 0
nextdeploy/shared/utils.go:30.2,30.18 1 0
nextdeploy/shared/utils.go:33.55,35.2 1 0
nextdeploy/shared/utils.go:38.56,40.16 2 0
nextdeploy/shared/utils.go:40.16,42.3 1 0
nextdeploy/shared/utils.go:43.2,43.30 1 0
nextdeploy/shared/utils.go:45.66,47.16 2 0
nextdeploy/shared/utils.go:47.16,49.3 1 0
nextdeploy/shared/utils.go:50.2,50.12 1 0
nextdeploy/shared/utils.go:54.40,55.22 1 0
nextdeploy/shared/utils.go:55.22,57.3 1 0
nextdeploy/shared/utils.go:58.2,58.51 1 0
nextdeploy/shared/utils.go:58.51,60.3 1 0
nextdeploy/shared/utils.go:61.2,61.12 1 0
nextdeploy/shared/fs/fileWriter.go:13.52,15.2 1 0
nextdeploy/shared/fs/fileWriter.go:17.64,18.54 1 0
nextdeploy/shared/fs/fileWriter.go:18.54,21.3 2 0
nextdeploy/shared/fs/fileWriter.go:23.2,23.15 1 0
nextdeploy/shared/fs/fileWriter.go:23.15,26.3 2 0
nextdeploy/shared/fs/fileWriter.go:28.2,29.16 2 0
nextdeploy/shared/fs/fileWriter.go:29.16,31.3 1 0
nextdeploy/shared/fs/fileWriter.go:33.2,34.12 2 0
nextdeploy/daemon/bluegreen.go:14.39,18.16 3 0
nextdeploy/daemon/bluegreen.go:18.16,20.3 1 0
nextdeploy/daemon/bluegreen.go:23.2,24.16 2 0
nextdeploy/daemon/bluegreen.go:24.16,26.3 1 0
nextdeploy/daemon/bluegreen.go:28.2,32.58 3 0
nextdeploy/daemon/bluegreen.go:32.58,34.3 1 0
nextdeploy/daemon/bluegreen.go:37.2,37.83 1 0
nextdeploy/daemon/bluegreen.go:37.83,39.3 1 0
nextdeploy/daemon/bluegreen.go:42.2,42.64 1 0
nextdeploy/daemon/bluegreen.go:42.64,44.3 1 0
nextdeploy/daemon/bluegreen.go:47.2,47.24 1 0
nextdeploy/daemon/bluegreen.go:47.24,48.74 1 0
nextdeploy/daemon/bluegreen.go:48.74,50.4 1 0
nextdeploy/daemon/bluegreen.go:53.2,53.12 1 0
nextdeploy/daemon/bluegreen.go:57.67,60.16 3 0
nextdeploy/daemon/bluegreen.go:60.16,62.3 1 0
nextdeploy/daemon/bluegreen.go:64.2,65.39 2 0
nextdeploy/daemon/bluegreen.go:65.39,66.42 1 0
nextdeploy/daemon/bluegreen.go:66.42,68.4 1 0
nextdeploy/daemon/bluegreen.go:68.9,68.50 1 0
nextdeploy/daemon/bluegreen.go:68.50,70.4 1 0
nextdeploy/daemon/bluegreen.go:72.2,72.16 1 0
nextdeploy/daemon/bluegreen.go:75.47,76.28 1 0
nextdeploy/daemon/bluegreen.go:76.28,78.3 1 0
nextdeploy/daemon/bluegreen.go:79.2,79.15 1 0
nextdeploy/daemon/bluegreen.go:82.43,83.21 1 0
nextdeploy/daemon/bluegreen.go:83.21,85.3 1 0
nextdeploy/daemon/bluegreen.go:86.2,86.15 1 0
nextdeploy/daemon/bluegreen.go:89.55,91.2 1 0
nextdeploy/daemon/bluegreen.go:93.75,109.34 5 0
nextdeploy/daemon/bluegreen.go:109.34,111.3 1 0
nextdeploy/daemon/bluegreen.go:113.2,114.12 2 0
nextdeploy/daemon/bluegreen.go:117.54,122.31 3 0
nextdeploy/daemon/bluegreen.go:122.31,124.53 2 0
nextdeploy/daemon/bluegreen.go:124.53,128.4 3 0
nextdeploy/daemon/bluegreen.go:130.3,130.18 1 0
nextdeploy/daemon/bluegreen.go:130.18,132.4 1 0
nextdeploy/daemon/bluegreen.go:134.3,134.67 1 0
nextdeploy/daemon/bluegreen.go:137.2,137.88 1 0
nextdeploy/daemon/bluegreen.go:140.84,144.34 2 0
nextdeploy/daemon/bluegreen.go:144.34,146.3 1 0
nextdeploy/daemon/bluegreen.go:147.2,147.12 1 0
nextdeploy/daemon/bluegreen.go:150.59,155.38 3 0
nextdeploy/daemon/bluegreen.go:155.38,157.3 1 0
nextdeploy/daemon/bluegreen.go:160.2,161.36 2 0
nextdeploy/daemon/bluegreen.go:161.36,163.3 1 0
nextdeploy/daemon/bluegreen.go:165.2,166.12 2 0
nextdeploy/daemon/caddy.go:9.37,12.64 3 0
nextdeploy/daemon/caddy.go:12.64,15.3 2 0
nextdeploy/daemon/caddy.go:16.2,16.58 1 0
nextdeploy/daemon/caddy.go:16.58,19.3 2 0
nextdeploy/daemon/caddy.go:19.8,19.23 1 0
nextdeploy/daemon/caddy.go:19.23,22.3 2 0
nextdeploy/daemon/caddy.go:24.2,25.16 2 0
nextdeploy/daemon/caddy.go:25.16,28.3 2 0
nextdeploy/daemon/caddy.go:29.2,30.16 2 0
nextdeploy/daemon/caddy.go:30.16,33.3 2 0
nextdeploy/daemon/caddy.go:36.2,38.16 3 0
nextdeploy/daemon/caddy.go:38.16,41.3 2 0
nextdeploy/daemon/caddy.go:43.2,44.12 2 0
nextdeploy/daemon/commands.go:7.65,8.18 1 0
nextdeploy/daemon/commands.go:9.24,10.36 1 0
nextdeploy/daemon/commands.go:11.24,12.36 1 0
nextdeploy/daemon/commands.go:13.16,14.37 1 0
nextdeploy/daemon/commands.go:15.16,16.23 1 0
nextdeploy/daemon/commands.go:17.17,18.38 1 0
nextdeploy/daemon/commands.go:19.14,20.38 1 0
nextdeploy/daemon/commands.go:21.14,22.35 1 0
nextdeploy/daemon/commands.go:23.15,24.36 1 0
nextdeploy/daemon/commands.go:25.16,26.37 1 0
nextdeploy/daemon/commands.go:27.14,28.31 1 0
nextdeploy/daemon/commands.go:29.17,30.38 1 0
nextdeploy/daemon/commands.go:31.16,32.33 1 0
nextdeploy/daemon/commands.go:33.18,34.39 1 0
nextdeploy/daemon/commands.go:35.10,39.4 1 0
nextdeploy/daemon/config.go:10.72,12.16 2 0
nextdeploy/daemon/config.go:12.16,14.3 1 0
nextdeploy/daemon/config.go:15.2,16.51 2 0
nextdeploy/daemon/config.go:16.51,18.3 1 0
nextdeploy/daemon/config.go:19.2,19.18 1 0
nextdeploy/daemon/decryptFiles.go:9.21,11.16 2 0
nextdeploy/daemon/decryptFiles.go:11.16,14.3 2 0
nextdeploy/daemon/decryptFiles.go:17.2,17.27 1 0
nextdeploy/daemon/decryptFiles.go:17.27,20.3 2 0
nextdeploy/daemon/decryptFiles.go:22.2,23.16 2 0
nextdeploy/daemon/decryptFiles.go:23.16,26.3 2 0
nextdeploy/daemon/decryptFiles.go:28.2,29.16 2 0
nextdeploy/daemon/decryptFiles.go:29.16,32.3 2 0
nextdeploy/daemon/decryptFiles.go:33.2,36.16 3 0
nextdeploy/daemon/decryptFiles.go:36.16,39.3 2 0
nextdeploy/daemon/decryptFiles.go:40.2,43.16 3 0
nextdeploy/daemon/decryptFiles.go:43.16,46.3 2 0
nextdeploy/daemon/decryptFiles.go:47.2,48.16 2 0
nextdeploy/daemon/decryptFiles.go:48.16,51.3 2 0
nextdeploy/daemon/decryptFiles.go:53.2,54.54 2 0
nextdeploy/daemon/lock.go:18.57,21.16 2 0
nextdeploy/daemon/lock.go:21.16,23.3 1 0
nextdeploy/daemon/lock.go:26.2,28.16 3 0
nextdeploy/daemon/lock.go:28.16,30.3 1 0
nextdeploy/daemon/lock.go:32.2,32.24 1 0
nextdeploy/daemon/lock.go:36.52,38.16 2 0
nextdeploy/daemon/lock.go:38.16,40.3 1 0
nextdeploy/daemon/lock.go:41.2,41.33 1 0
nextdeploy/daemon/logger.go:19.34,28.2 2 0
nextdeploy/daemon/logger.go:31.51,33.57 1 0
nextdeploy/daemon/logger.go:33.57,35.3 1 0
nextdeploy/daemon/logger.go:37.2,41.16 3 0
nextdeploy/daemon/logger.go:41.16,43.3 1 0
nextdeploy/daemon/logger.go:46.2,48.15 2 0
nextdeploy/daemon/logger.go:52.43,57.24 3 0
nextdeploy/daemon/logger.go:57.24,59.3 1 0
nextdeploy/daemon/logger.go:60.2,60.16 1 0
nextdeploy/daemon/logger.go:60.16,62.3 1 0
nextdeploy/daemon/logger.go:65.2,65.38 1 0
nextdeploy/daemon/logger.go:65.38,67.3 1 0
nextdeploy/daemon/logger.go:70.2,70.46 1 0
nextdeploy/daemon/logger.go:70.46,74.44 3 0
nextdeploy/daemon/logger.go:74.44,75.32 1 0
nextdeploy/daemon/logger.go:75.32,78.5 1 0
nextdeploy/daemon/logger.go:78.10,80.5 1 0
nextdeploy/daemon/logger.go:85.2,85.57 1 0
nextdeploy/daemon/logger.go:85.57,87.3 1 0
nextdeploy/daemon/logger.go:89.2,89.12 1 0
nextdeploy/daemon/logger.go:93.81,95.42 1 0
nextdeploy/daemon/logger.go:95.42,97.3 1 0
nextdeploy/daemon/logger.go:100.2,100.42 1 0
nextdeploy/daemon/logger.go:104.71,106.2 1 0
nextdeploy/daemon/logger.go:108.72,110.2 1 0
nextdeploy/daemon/logger.go:112.74,114.2 1 0
nextdeploy/daemon/main.go:26.13,37.60 3 0
nextdeploy/daemon/main.go:37.60,40.3 2 0
nextdeploy/daemon/main.go:45.13,50.16 4 0
nextdeploy/daemon/main.go:50.16,53.3 2 0
nextdeploy/daemon/main.go:55.2,60.38 3 0
nextdeploy/daemon/main.go:64.72,78.22 2 0
nextdeploy/daemon/main.go:78.22,79.56 1 0
nextdeploy/daemon/main.go:79.56,81.4 1 0
nextdeploy/daemon/main.go:84.2,90.8 2 0
nextdeploy/daemon/main.go:93.42,95.46 1 0
nextdeploy/daemon/main.go:95.46,98.3 2 0
nextdeploy/daemon/main.go:101.2,105.16 3 0
nextdeploy/daemon/main.go:105.16,107.3 1 0
nextdeploy/daemon/main.go:108.2,111.49 2 0
nextdeploy/daemon/main.go:111.49,113.3 1 0
nextdeploy/daemon/main.go:115.2,125.6 6 0
nextdeploy/daemon/main.go:125.6,126.10 1 0
nextdeploy/daemon/main.go:127.23,128.15 1 0
nextdeploy/daemon/main.go:129.24,130.56 1 0
nextdeploy/daemon/main.go:132.41,135.15 3 0
nextdeploy/daemon/main.go:137.23,138.14 1 0
nextdeploy/daemon/main.go:143.54,145.34 2 0
nextdeploy/daemon/main.go:145.34,147.3 1 0
nextdeploy/daemon/main.go:148.2,148.12 1 0
nextdeploy/daemon/main.go:151.57,153.53 1 0
nextdeploy/daemon/main.go:153.53,155.3 1 0
nextdeploy/daemon/main.go:158.2,159.50 2 0
nextdeploy/daemon/main.go:159.50,161.3 1 0
nextdeploy/daemon/main.go:163.2,164.12 2 0
nextdeploy/daemon/main.go:167.48,168.6 1 0
nextdeploy/daemon/main.go:168.6,170.17 2 0
nextdeploy/daemon/main.go:170.17,171.11 1 0
nextdeploy/daemon/main.go:172.24,173.11 1 0
nextdeploy/daemon/main.go:174.12,176.13 2 0
nextdeploy/daemon/main.go:180.3,180.30 1 0
nextdeploy/daemon/main.go:184.60,194.45 6 0
nextdeploy/daemon/main.go:194.45,197.3 2 0
nextdeploy/daemon/main.go:199.2,202.47 2 0
nextdeploy/daemon/main.go:202.47,209.3 3 0
nextdeploy/daemon/main.go:211.2,213.49 2 0
nextdeploy/daemon/main.go:213.49,215.3 1 0
nextdeploy/daemon/main.go:218.63,226.42 2 0
nextdeploy/daemon/main.go:226.42,227.26 1 0
nextdeploy/daemon/main.go:227.26,229.4 1 0
nextdeploy/daemon/main.go:232.2,232.56 1 0
nextdeploy/daemon/main.go:236.81,240.18 3 0
nextdeploy/daemon/main.go:240.18,245.3 1 0
nextdeploy/daemon/main.go:247.2,251.16 3 0
nextdeploy/daemon/main.go:251.16,256.3 1 0
nextdeploy/daemon/main.go:258.2,259.16 2 0
nextdeploy/daemon/main.go:259.16,264.3 1 0
nextdeploy/daemon/main.go:267.2,267.63 1 0
nextdeploy/daemon/main.go:267.63,269.3 1 0
nextdeploy/daemon/main.go:271.2,271.61 1 0
nextdeploy/daemon/main.go:271.61,273.3 1 0
nextdeploy/daemon/main.go:276.2,278.75 2 0
nextdeploy/daemon/main.go:278.75,280.3 1 0
nextdeploy/daemon/main.go:282.2,282.78 1 0
nextdeploy/daemon/main.go:282.78,284.3 1 0
nextdeploy/daemon/main.go:286.2,286.73 1 0
nextdeploy/daemon/main.go:286.73,288.3 1 0
nextdeploy/daemon/main.go:291.2,291.34 1 0
nextdeploy/daemon/main.go:291.34,293.3 1 0
nextdeploy/daemon/main.go:294.2,294.32 1 0
nextdeploy/daemon/main.go:294.32,296.3 1 0
nextdeploy/daemon/main.go:298.2,301.3 1 0
nextdeploy/daemon/main.go:304.81,306.39 2 0
nextdeploy/daemon/main.go:306.39,308.3 1 0
nextdeploy/daemon/main.go:310.2,311.13 2 0
nextdeploy/daemon/main.go:311.13,313.3 1 0
nextdeploy/daemon/main.go:313.8,315.3 1 0
nextdeploy/daemon/main.go:317.2,318.16 2 0
nextdeploy/daemon/main.go:318.16,323.3 1 0
nextdeploy/daemon/main.go:326.2,332.3 2 0
nextdeploy/daemon/main.go:335.82,337.10 2 0
nextdeploy/daemon/main.go:337.10,342.3 1 0
nextdeploy/daemon/main.go:344.2,345.10 2 0
nextdeploy/daemon/main.go:345.10,347.3 1 0
nextdeploy/daemon/main.go:350.2,353.52 2 0
nextdeploy/daemon/main.go:353.52,354.30 1 0
nextdeploy/daemon/main.go:354.30,355.40 1 0
nextdeploy/daemon/main.go:355.40,357.5 1 0
nextdeploy/daemon/main.go:362.2,362.52 1 0
nextdeploy/daemon/main.go:362.52,363.31 1 0
nextdeploy/daemon/main.go:363.31,364.38 1 0
nextdeploy/daemon/main.go:364.38,366.5 1 0
nextdeploy/daemon/main.go:371.2,371.56 1 0
nextdeploy/daemon/main.go:371.56,372.34 1 0
nextdeploy/daemon/main.go:372.34,373.41 1 0
nextdeploy/daemon/main.go:373.41,375.5 1 0
nextdeploy/daemon/main.go:380.2,381.49 2 0
nextdeploy/daemon/main.go:381.49,383.3 1 0
nextdeploy/daemon/main.go:384.2,390.49 3 0
nextdeploy/daemon/main.go:390.49,392.3 1 0
nextdeploy/daemon/main.go:394.2,398.16 4 0
nextdeploy/daemon/main.go:398.16,403.3 1 0
nextdeploy/daemon/main.go:405.2,415.3 2 0
nextdeploy/daemon/main.go:418.49,427.33 6 0
nextdeploy/daemon/main.go:427.33,429.3 1 0
nextdeploy/daemon/main.go:431.2,434.29 4 0
nextdeploy/daemon/main.go:434.29,436.3 1 0
nextdeploy/daemon/main.go:438.2,451.3 2 0
nextdeploy/daemon/main.go:454.83,456.9 2 0
nextdeploy/daemon/main.go:456.9,461.3 1 0
nextdeploy/daemon/main.go:463.2,463.62 1 0
nextdeploy/daemon/main.go:463.62,468.3 1 0
nextdeploy/daemon/main.go:470.2,473.3 1 0
nextdeploy/daemon/main.go:476.83,478.10 2 0
nextdeploy/daemon/main.go:478.10,483.3 1 0
nextdeploy/daemon/main.go:485.2,486.39 2 0
nextdeploy/daemon/main.go:486.39,488.3 1 0
nextdeploy/daemon/main.go:490.2,491.48 2 0
nextdeploy/daemon/main.go:491.48,493.3 1 0
nextdeploy/daemon/main.go:495.2,496.12 2 0
nextdeploy/daemon/main.go:496.12,498.3 1 0
nextdeploy/daemon/main.go:499.2,503.16 4 0
nextdeploy/daemon/main.go:503.16,508.3 1 0
nextdeploy/daemon/main.go:510.2,516.3 2 0
nextdeploy/daemon/main.go:519.80,521.9 2 0
nextdeploy/daemon/main.go:521.9,526.3 1 0
nextdeploy/daemon/main.go:528.2,528.59 1 0
nextdeploy/daemon/main.go:528.59,533.3 1 0
nextdeploy/daemon/main.go:535.2,538.3 1 0
nextdeploy/daemon/main.go:541.81,543.9 2 0
nextdeploy/daemon/main.go:543.9,548.3 1 0
nextdeploy/daemon/main.go:550.2,550.60 1 0
nextdeploy/daemon/main.go:550.60,555.3 1 0
nextdeploy/daemon/main.go:557.2,560.3 1 0
nextdeploy/daemon/main.go:563.82,565.9 2 0
nextdeploy/daemon/main.go:565.9,570.3 1 0
nextdeploy/daemon/main.go:572.2,573.46 2 0
nextdeploy/daemon/main.go:573.46,575.3 1 0
nextdeploy/daemon/main.go:577.2,578.11 2 0
nextdeploy/daemon/main.go:578.11,580.3 1 0
nextdeploy/daemon/main.go:581.2,584.34 3 0
nextdeploy/daemon/main.go:584.34,589.3 1 0
nextdeploy/daemon/main.go:591.2,594.3 1 0
nextdeploy/daemon/main.go:597.76,599.9 2 0
nextdeploy/daemon/main.go:599.9,604.3 1 0
nextdeploy/daemon/main.go:606.2,610.32 3 0
nextdeploy/daemon/main.go:610.32,612.17 2 0
nextdeploy/daemon/main.go:612.17,615.4 2 0
nextdeploy/daemon/main.go:618.2,621.3 1 0
nextdeploy/daemon/main.go:624.83,626.9 2 0
nextdeploy/daemon/main.go:626.9,631.3 1 0
nextdeploy/daemon/main.go:633.2,635.16 3 0
nextdeploy/daemon/main.go:635.16,640.3 1 0
nextdeploy/daemon/main.go:642.2,643.61 2 0
nextdeploy/daemon/main.go:643.61,648.3 1 0
nextdeploy/daemon/main.go:650.2,654.3 1 0
nextdeploy/daemon/main.go:657.78,659.9 2 0
nextdeploy/daemon/main.go:659.9,662.3 1 0
nextdeploy/daemon/main.go:665.2,667.16 3 0
nextdeploy/daemon/main.go:667.16,672.3 1 0
nextdeploy/daemon/main.go:674.2,685.3 3 0
nextdeploy/daemon/main.go:688.84,690.10 2 0
nextdeploy/daemon/main.go:690.10,695.3 1 0
nextdeploy/daemon/main.go:698.2,703.59 4 0
nextdeploy/daemon/main.go:703.59,708.3 1 0
nextdeploy/daemon/main.go:711.2,721.60 5 0
nextdeploy/daemon/main.go:721.60,726.3 1 0
nextdeploy/daemon/main.go:728.2,735.3 1 0
nextdeploy/daemon/main.go:739.64,742.2 2 0
nextdeploy/daemon/main.go:744.91,747.16 3 0
nextdeploy/daemon/main.go:747.16,749.3 1 0
nextdeploy/daemon/main.go:751.2,754.8 1 0
nextdeploy/daemon/main.go:757.82,761.21 3 0
nextdeploy/daemon/main.go:761.21,763.3 1 0
nextdeploy/daemon/main.go:765.2,765.33 1 0
nextdeploy/daemon/main.go:765.33,766.36 1 0
nextdeploy/daemon/main.go:766.36,767.12 1 0
nextdeploy/daemon/main.go:770.3,771.23 2 0
nextdeploy/daemon/main.go:771.23,780.4 1 0
nextdeploy/daemon/main.go:783.2,783.19 1 0
nextdeploy/daemon/main.go:786.39,790.23 3 0
nextdeploy/daemon/main.go:790.23,792.3 1 0
nextdeploy/daemon/main.go:795.2,796.31 2 0
nextdeploy/daemon/main.go:800.64,802.16 2 0
nextdeploy/daemon/main.go:802.16,804.3 1 0
nextdeploy/daemon/main.go:805.2,808.31 3 0
nextdeploy/daemon/main.go:812.69,814.16 2 0
nextdeploy/daemon/main.go:814.16,816.3 1 0
nextdeploy/daemon/main.go:817.2,826.44 5 0
nextdeploy/daemon/main.go:826.44,828.3 1 0
nextdeploy/daemon/main.go:831.2,832.50 2 0
nextdeploy/daemon/main.go:832.50,834.3 1 0
nextdeploy/daemon/main.go:836.2,836.23 1 0
nextdeploy/daemon/main.go:840.13,852.22 6 0
nextdeploy/daemon/main.go:852.22,873.3 20 0
nextdeploy/daemon/main.go:875.2,877.25 2 0
nextdeploy/daemon/main.go:877.25,879.35 1 0
nextdeploy/daemon/main.go:879.35,880.43 1 0
nextdeploy/daemon/main.go:880.43,882.10 2 0
nextdeploy/daemon/main.go:887.3,888.17 2 0
nextdeploy/daemon/main.go:888.17,890.4 1 0
nextdeploy/daemon/main.go:892.3,892.40 1 0
nextdeploy/daemon/main.go:892.40,894.4 1 0
nextdeploy/daemon/main.go:895.3,895.9 1 0
nextdeploy/daemon/main.go:899.2,903.36 3 0
nextdeploy/daemon/main.go:903.36,905.35 2 0
nextdeploy/daemon/main.go:905.35,907.23 2 0
nextdeploy/daemon/main.go:907.23,910.24 2 0
nextdeploy/daemon/main.go:910.24,912.6 1 0
nextdeploy/daemon/main.go:912.11,912.32 1 0
nextdeploy/daemon/main.go:912.32,914.6 1 0
nextdeploy/daemon/main.go:914.11,916.6 1 0
nextdeploy/daemon/main.go:921.2,926.16 4 0
nextdeploy/daemon/main.go:926.16,930.96 2 0
nextdeploy/daemon/main.go:930.96,933.4 2 0
nextdeploy/daemon/main.go:934.3,934.13 1 0
nextdeploy/daemon/main.go:938.2,938.22 1 0
nextdeploy/daemon/main.go:938.22,940.27 2 0
nextdeploy/daemon/main.go:940.27,941.40 1 0
nextdeploy/daemon/main.go:942.23,943.31 1 0
nextdeploy/daemon/main.go:943.31,944.58 1 0
nextdeploy/daemon/main.go:944.58,946.39 1 0
nextdeploy/daemon/main.go:946.39,948.8 1 0
nextdeploy/daemon/main.go:949.7,949.20 1 0
nextdeploy/daemon/main.go:950.12,952.7 1 0
nextdeploy/daemon/main.go:954.32,955.34 1 0
nextdeploy/daemon/main.go:955.34,957.6 1 0
nextdeploy/daemon/main.go:958.29,960.22 1 0
nextdeploy/daemon/main.go:960.22,963.37 3 0
nextdeploy/daemon/main.go:963.37,970.7 1 0
nextdeploy/daemon/main.go:972.16,973.31 1 0
nextdeploy/daemon/main.go:974.12,975.74 1 0
nextdeploy/daemon/main.go:975.74,977.6 1 0
nextdeploy/daemon/main.go:977.11,979.6 1 0
nextdeploy/daemon/main.go:982.8,985.3 2 0
nextdeploy/daemon/main.go:988.44,989.22 1 0
nextdeploy/daemon/main.go:989.22,991.3 1 0
nextdeploy/daemon/main.go:992.2,992.29 1 0
nextdeploy/daemon/registry.go:11.45,13.16 2 0
nextdeploy/daemon/registry.go:13.16,16.3 2 0
nextdeploy/daemon/registry.go:17.2,19.24 3 0
nextdeploy/daemon/registry.go:19.24,22.3 2 0
nextdeploy/daemon/registry.go:22.8,22.23 1 0
nextdeploy/daemon/registry.go:22.23,25.3 2 0
nextdeploy/daemon/registry.go:26.2,27.16 2 0
nextdeploy/daemon/registry.go:27.16,30.3 2 0
nextdeploy/daemon/registry.go:31.2,34.16 3 0
nextdeploy/daemon/registry.go:34.16,37.3 2 0
nextdeploy/daemon/registry.go:38.2,48.16 4 0
nextdeploy/daemon/registry.go:48.16,50.3 1 0
nextdeploy/daemon/registry.go:52.2,52.17 1 0
nextdeploy/daemon/registry.go:52.17,55.3 2 0
nextdeploy/daemon/registry.go:56.2,61.16 4 0
nextdeploy/daemon/registry.go:61.16,64.3 2 0
nextdeploy/daemon/registry.go:65.2,69.24 4 0
nextdeploy/daemon/registry.go:69.24,71.3 1 0
nextdeploy/daemon/registry.go:71.8,71.23 1 0
nextdeploy/daemon/registry.go:71.23,73.3 1 0
nextdeploy/daemon/registry.go:74.2,75.16 2 0
nextdeploy/daemon/registry.go:75.16,78.3 2 0
nextdeploy/daemon/registry.go:79.2,85.12 5 0
nextdeploy/daemon/registry.go:89.31,92.16 3 0
nextdeploy/daemon/registry.go:92.16,95.3 2 0
nextdeploy/daemon/registry.go:96.2,98.18 3 0
nextdeploy/daemon/registry.go:98.18,100.3 1 0
nextdeploy/daemon/registry.go:101.2,102.15 2 0
nextdeploy/daemon/registry.go:102.15,104.3 1 0
[...]
nextdeploy/shared/registry/dockerhub.go:86.67,89.4 2 0
nextdeploy/shared/registry/dockerhub.go:90.3,90.67 1 0
nextdeploy/shared/registry/dockerhub.go:90.67,93.4 2 0
nextdeploy/shared/registry/dockerhub.go:96.2,96.12 1 0
nextdeploy/shared/registry/dockerhub.go:100.65,101.22 1 0
nextdeploy/shared/registry/dockerhub.go:101.22,104.17 3 0
nextdeploy/shared/registry/dockerhub.go:104.17,107.4 2 0
nextdeploy/shared/registry/dockerhub.go:110.2,110.55 1 0
nextdeploy/shared/registry/dockerhub.go:110.55,113.3 2 0
nextdeploy/shared/registry/dockerhub.go:115.2,116.16 2 0
nextdeploy/shared/registry/dockerhub.go:116.16,119.3 2 0
nextdeploy/shared/registry/dockerhub.go:121.2,121.59 1 0
nextdeploy/shared/registry/dockerhub.go:121.59,124.3 2 0
nextdeploy/shared/registry/dockerhub.go:126.2,126.48 1 0
nextdeploy/shared/registry/dockerhub.go:126.48,129.3 2 0
nextdeploy/shared/registry/dockerhub.go:131.2,132.12 2 0
nextdeploy/shared/registry/dockerhub.go:136.63,138.16 2 0
nextdeploy/shared/registry/dockerhub.go:138.16,141.3 2 0
nextdeploy/shared/registry/dockerhub.go:143.2,143.22 1 0
nextdeploy/shared/registry/dockerhub.go:143.22,145.3 1 0
nextdeploy/shared/registry/dockerhub.go:147.2,151.42 4 0
nextdeploy/shared/registry/dockerhub.go:151.42,153.3 1 0
nextdeploy/shared/registry/dockerhub.go:155.2,155.21 1 0
nextdeploy/shared/registry/dockerhub.go:159.67,160.21 1 0
nextdeploy/shared/registry/dockerhub.go:160.21,162.3 1 0
nextdeploy/shared/registry/dockerhub.go:164.2,175.16 3 0
nextdeploy/shared/registry/dockerhub.go:175.16,178.3 2 0
nextdeploy/shared/registry/dockerhub.go:180.2,191.100 2 0
nextdeploy/shared/registry/dockerhub.go:195.47,198.2 1 0
nextdeploy/shared/registry/dockerhub.go:201.52,204.9 2 0
nextdeploy/shared/registry/dockerhub.go:205.40,206.18 1 0
nextdeploy/shared/registry/dockerhub.go:207.40,208.15 1 0
nextdeploy/shared/registry/dockerhub.go:209.39,210.15 1 0
nextdeploy/shared/registry/dockerhub.go:211.43,212.15 1 0
nextdeploy/shared/registry/dockerhub.go:213.42,214.21 1 0
nextdeploy/shared/registry/dockerhub.go:215.45,216.23 1 0
nextdeploy/shared/registry/dockerhub.go:217.10,218.19 1 0
nextdeploy/shared/registry/dockerhub.go:223.63,226.16 3 0
nextdeploy/shared/registry/dockerhub.go:226.16,228.3 1 0
nextdeploy/shared/registry/dockerhub.go:230.2,231.29 2 0
nextdeploy/shared/registry/dockerhub.go:231.29,232.41 1 0
nextdeploy/shared/registry/dockerhub.go:232.41,234.4 1 0
nextdeploy/shared/registry/dockerhub.go:237.2,237.54 1 0
nextdeploy/shared/registry/dockerhub.go:240.68,244.53 3 0
nextdeploy/shared/registry/dockerhub.go:244.53,246.3 1 0
nextdeploy/shared/registry/dockerhub.go:247.2,247.12 1 0
nextdeploy/shared/registry/dockerhub.go:250.60,269.2 2 0
nextdeploy/shared/registry/dockerhub.go:271.51,273.21 2 0
nextdeploy/shared/registry/dockerhub.go:273.21,275.38 2 0
nextdeploy/shared/registry/dockerhub.go:275.38,277.4 1 0
nextdeploy/shared/registry/dockerhub.go:277.9,279.4 1 0
nextdeploy/shared/registry/dockerhub.go:284.49,285.36 1 0
nextdeploy/shared/registry/dockerhub.go:285.36,287.3 1 0
nextdeploy/shared/registry/dockerhub.go:288.2,288.12 1 0
nextdeploy/shared/registry/dockerhub.go:291.68,298.2 2 0
nextdeploy/shared/registry/dockerhub.go:300.37,303.2 2 0
nextdeploy/shared/registry/dockerhub.go:305.42,309.2 1 0
nextdeploy/shared/registry/dockerhub.go:311.34,313.2 1 0
nextdeploy/shared/registry/dockerhub.go:315.45,316.70 1 0
nextdeploy/shared/registry/dockerhub.go:316.70,318.3 1 0
nextdeploy/shared/registry/dockerhub.go:319.2,319.12 1 0
nextdeploy/shared/registry/dockerhub.go:322.48,326.2 3 0
nextdeploy/shared/registry/dockerhub.go:328.36,331.2 1 0
nextdeploy/shared/registry/utils.go:11.71,20.22 4 0
nextdeploy/shared/registry/utils.go:20.22,22.3 1 0
nextdeploy/shared/registry/utils.go:24.2,32.41 4 0
nextdeploy/shared/registry/utils.go:35.34,37.16 2 0
nextdeploy/shared/registry/utils.go:37.16,40.3 2 0
nextdeploy/shared/registry/utils.go:41.2,42.16 2 0
nextdeploy/shared/registry/utils.go:42.16,45.3 2 0
nextdeploy/shared/registry/utils.go:46.2,46.58 1 0
nextdeploy/shared/secrets/crypto.go:14.60,16.16 2 0
nextdeploy/shared/secrets/crypto.go:16.16,18.3 1 0
nextdeploy/shared/secrets/crypto.go:19.2,20.16 2 0
nextdeploy/shared/secrets/crypto.go:20.16,22.3 1 0
nextdeploy/shared/secrets/crypto.go:24.2,25.59 2 0
nextdeploy/shared/secrets/crypto.go:25.59,27.3 1 0
nextdeploy/shared/secrets/crypto.go:28.2,29.67 2 0
nextdeploy/shared/secrets/crypto.go:33.61,35.16 2 0
nextdeploy/shared/secrets/crypto.go:35.16,37.3 1 0
nextdeploy/shared/secrets/crypto.go:38.2,39.16 2 0
nextdeploy/shared/secrets/crypto.go:39.16,41.3 1 0
nextdeploy/shared/secrets/crypto.go:42.2,43.33 2 0
nextdeploy/shared/secrets/crypto.go:43.33,45.3 1 0
nextdeploy/shared/secrets/crypto.go:46.2,48.16 3 0
nextdeploy/shared/secrets/crypto.go:48.16,50.3 1 0
nextdeploy/shared/secrets/crypto.go:51.2,51.23 1 0
nextdeploy/shared/secrets/crypto.go:55.44,56.15 1 0
nextdeploy/shared/secrets/crypto.go:56.15,58.3 1 0
nextdeploy/shared/secrets/crypto.go:59.2,60.21 2 0
nextdeploy/shared/secrets/doppler.go:3.50,7.23 3 0
nextdeploy/shared/secrets/doppler.go:7.23,9.3 1 0
nextdeploy/shared/secrets/doppler.go:11.2,12.15 2 0
nextdeploy/shared/secrets/doppler.go:14.70,18.23 3 0
nextdeploy/shared/secrets/doppler.go:18.23,20.3 1 0
nextdeploy/shared/secrets/doppler.go:22.2,23.25 2 0
nextdeploy/shared/secrets/fileprocessing.go:13.86,15.16 2 0
nextdeploy/shared/secrets/fileprocessing.go:15.16,17.3 1 0
nextdeploy/shared/secrets/fileprocessing.go:19.2,20.16 2 0
nextdeploy/shared/secrets/fileprocessing.go:20.16,22.3 1 0
nextdeploy/shared/secrets/fileprocessing.go:24.2,24.21 1 0
nextdeploy/shared/secrets/fileprocessing.go:24.21,27.3 2 0
nextdeploy/shared/secrets/fileprocessing.go:29.2,30.29 2 0
nextdeploy/shared/secrets/fileprocessing.go:30.29,35.17 4 0
nextdeploy/shared/secrets/fileprocessing.go:35.17,38.4 2 0
nextdeploy/shared/secrets/fileprocessing.go:40.3,40.32 1 0
nextdeploy/shared/secrets/fileprocessing.go:43.2,43.21 1 0
nextdeploy/shared/secrets/fileprocessing.go:47.73,50.2 2 0
nextdeploy/shared/secrets/fileprocessing.go:53.91,60.34 4 0
nextdeploy/shared/secrets/fileprocessing.go:60.34,62.3 1 0
nextdeploy/shared/secrets/fileprocessing.go:65.2,65.51 1 0
nextdeploy/shared/secrets/fileprocessing.go:65.51,67.3 1 0
nextdeploy/shared/secrets/fileprocessing.go:69.2,70.12 2 0
nextdeploy/shared/secrets/fileprocessing.go:74.83,75.42 1 0
nextdeploy/shared/secrets/fileprocessing.go:75.42,77.3 1 0
nextdeploy/shared/secrets/fileprocessing.go:79.2,82.16 3 0
nextdeploy/shared/secrets/fileprocessing.go:82.16,84.3 1 0
nextdeploy/shared/secrets/fileprocessing.go:85.2,87.21 2 0
nextdeploy/shared/secrets/fileprocessing.go:91.101,95.2 2 0
nextdeploy/shared/secrets/fileprocessing.go:98.83,118.2 1 0
nextdeploy/shared/secrets/fileprocessing.go:121.82,144.2 1 0
nextdeploy/shared/secrets/keyoperations.go:15.68,16.46 1 0
nextdeploy/shared/secrets/keyoperations.go:16.46,18.3 1 0
nextdeploy/shared/secrets/keyoperations.go:20.2,21.16 2 0
nextdeploy/shared/secrets/keyoperations.go:21.16,23.3 1 0
nextdeploy/shared/secrets/keyoperations.go:25.2,26.17 2 0
nextdeploy/shared/secrets/keyoperations.go:28.62,30.42 2 0
nextdeploy/shared/secrets/keyoperations.go:30.42,32.3 1 0
nextdeploy/shared/secrets/keyoperations.go:33.2,33.17 1 0
nextdeploy/shared/secrets/keyoperations.go:37.63,41.16 2 0
nextdeploy/shared/secrets/keyoperations.go:41.16,43.3 1 0
nextdeploy/shared/secrets/keyoperations.go:45.2,45.25 1 0
nextdeploy/shared/secrets/keyoperations.go:48.64,51.19 3 0
nextdeploy/shared/secrets/keyoperations.go:52.25,53.48 1 0
nextdeploy/shared/secrets/keyoperations.go:54.17,55.46 1 0
nextdeploy/shared/secrets/keyoperations.go:56.10,57.69 1 0
nextdeploy/shared/secrets/keyoperations.go:61.73,64.16 3 0
nextdeploy/shared/secrets/keyoperations.go:64.16,66.3 1 0
nextdeploy/shared/secrets/keyoperations.go:68.2,69.58 2 0
nextdeploy/shared/secrets/keyoperations.go:72.65,75.16 2 0
nextdeploy/shared/secrets/keyoperations.go:75.16,78.3 2 0
nextdeploy/shared/secrets/keyoperations.go:79.2,80.37 2 0
nextdeploy/shared/secrets/keyoperations.go:80.37,82.3 1 0
nextdeploy/shared/secrets/keyoperations.go:84.2,85.16 2 0
nextdeploy/shared/secrets/keyoperations.go:85.16,87.3 1 0
nextdeploy/shared/secrets/keyoperations.go:88.2,88.28 1 0
nextdeploy/shared/secrets/keyoperations.go:91.58,93.22 1 0
nextdeploy/shared/secrets/keyoperations.go:94.25,95.26 1 0
nextdeploy/shared/secrets/keyoperations.go:96.17,98.17 2 0
nextdeploy/shared/secrets/keyoperations.go:98.17,100.4 1 0
nextdeploy/shared/secrets/keyoperations.go:102.3,102.26 1 0
nextdeploy/shared/secrets/keyoperations.go:103.10,104.37 1 0
nextdeploy/shared/secrets/keyoperations.go:108.59,110.22 1 0
nextdeploy/shared/secrets/keyoperations.go:111.25,113.30 2 0
nextdeploy/shared/secrets/keyoperations.go:114.17,115.33 1 0
nextdeploy/shared/secrets/keyoperations.go:116.10,117.32 1 0
nextdeploy/shared/secrets/keyoperations.go:121.57,126.16 3 0
nextdeploy/shared/secrets/keyoperations.go:126.16,128.3 1 0
nextdeploy/shared/secrets/keyoperations.go:130.2,134.50 3 0
nextdeploy/shared/secrets/keyoperations.go:134.50,136.3 1 0
nextdeploy/shared/secrets/keyoperations.go:139.2,143.57 3 0
nextdeploy/shared/secrets/keyoperations.go:143.57,145.3 1 0
nextdeploy/shared/secrets/keyoperations.go:147.2,148.12 2 0
nextdeploy/shared/secrets/keyoperations.go:150.44,152.22 1 0
nextdeploy/shared/secrets/keyoperations.go:153.25,154.29 1 0
nextdeploy/shared/secrets/keyoperations.go:155.17,156.32 1 0
nextdeploy/shared/secrets/keyoperations.go:157.10,158.15 1 0
nextdeploy/shared/secrets/keyoperations.go:161.48,164.44 2 0
nextdeploy/shared/secrets/keyoperations.go:164.44,167.3 2 0
nextdeploy/shared/secrets/keyoperations.go:169.2,172.16 4 0
nextdeploy/shared/secrets/keyoperations.go:172.16,175.3 2 0
nextdeploy/shared/secrets/keyoperations.go:176.2,176.17 1 0
nextdeploy/shared/secrets/keyoperations.go:176.17,178.3 1 0
nextdeploy/shared/secrets/keyoperations.go:179.2,179.24 1 0
nextdeploy/shared/secrets/keyoperations.go:179.24,182.3 2 0
nextdeploy/shared/secrets/keyoperations.go:182.8,185.3 2 0
nextdeploy/shared/secrets/keyoperations.go:187.51,200.2 1 0
nextdeploy/shared/secrets/keyoperations.go:201.56,205.44 2 0
nextdeploy/shared/secrets/keyoperations.go:205.44,207.3 1 0
nextdeploy/shared/secrets/keyoperations.go:210.2,211.16 2 0
nextdeploy/shared/secrets/keyoperations.go:211.16,213.3 1 0
nextdeploy/shared/secrets/keyoperations.go:215.2,221.16 5 0
nextdeploy/shared/secrets/keyoperations.go:221.16,222.24 1 0
nextdeploy/shared/secrets/keyoperations.go:222.24,225.4 2 0
nextdeploy/shared/secrets/keyoperations.go:226.3,227.22 2 0
nextdeploy/shared/secrets/keyoperations.go:231.2,231.25 1 0
nextdeploy/shared/secrets/keyoperations.go:231.25,233.3 1 0
nextdeploy/shared/secrets/keyoperations.go:235.2,239.16 3 0
nextdeploy/shared/secrets/keyoperations.go:239.16,241.3 1 0
nextdeploy/shared/secrets/keyoperations.go:244.2,244.50 1 0
nextdeploy/shared/secrets/keyoperations.go:244.50,246.3 1 0
nextdeploy/shared/secrets/keyoperations.go:249.2,249.60 1 0
nextdeploy/shared/secrets/keyoperations.go:249.60,251.3 1 0
nextdeploy/shared/secrets/keyoperations.go:253.2,254.20 2 0
nextdeploy/shared/secrets/keyoperations.go:256.60,261.16 3 0
nextdeploy/shared/secrets/keyoperations.go:261.16,263.3 1 0
nextdeploy/shared/secrets/keyoperations.go:264.2,264.12 1 0
nextdeploy/shared/secrets/keyoperations.go:267.59,270.16 3 0
nextdeploy/shared/secrets/keyoperations.go:270.16,272.3 1 0
nextdeploy/shared/secrets/keyoperations.go:275.2,275.34 1 0
nextdeploy/shared/secrets/keyoperations.go:278.56,283.2 3 0
nextdeploy/shared/secrets/provideroperations.go:7.71,8.23 1 0
nextdeploy/shared/secrets/provideroperations.go:8.23,10.3 1 0
nextdeploy/shared/secrets/provideroperations.go:12.2,13.13 2 0
nextdeploy/shared/secrets/provideroperations.go:13.13,15.3 1 0
nextdeploy/shared/secrets/provideroperations.go:17.2,20.39 3 0
nextdeploy/shared/secrets/provideroperations.go:20.39,22.25 2 0
nextdeploy/shared/secrets/provideroperations.go:22.25,24.18 2 0
nextdeploy/shared/secrets/provideroperations.go:24.18,26.13 2 0
nextdeploy/shared/secrets/provideroperations.go:29.4,30.18 2 0
nextdeploy/shared/secrets/provideroperations.go:30.18,32.13 2 0
nextdeploy/shared/secrets/provideroperations.go:34.4,34.29 1 0
nextdeploy/shared/secrets/provideroperations.go:37.3,37.57 1 0
nextdeploy/shared/secrets/provideroperations.go:37.57,39.4 1 0
nextdeploy/shared/secrets/provideroperations.go:42.2,42.12 1 0
nextdeploy/shared/secrets/secretmanager.go:56.54,57.33 1 0
nextdeploy/shared/secrets/secretmanager.go:57.33,59.3 1 0
nextdeploy/shared/secrets/secretmanager.go:63.38,64.33 1 0
nextdeploy/shared/secrets/secretmanager.go:64.33,65.17 1 0
nextdeploy/shared/secrets/secretmanager.go:65.17,68.4 2 0
nextdeploy/shared/secrets/secretmanager.go:71.3,72.17 2 0
nextdeploy/shared/secrets/secretmanager.go:72.17,75.4 2 0
nextdeploy/shared/secrets/secretmanager.go:77.3,78.45 2 0
nextdeploy/shared/secrets/secretmanager.go:78.45,80.4 1 0
nextdeploy/shared/secrets/secretmanager.go:82.3,82.62 1 0
nextdeploy/shared/secrets/secretmanager.go:87.64,88.33 1 0
nextdeploy/shared/secrets/secretmanager.go:88.33,91.3 2 0
nextdeploy/shared/secrets/secretmanager.go:95.63,102.27 2 0
nextdeploy/shared/secrets/secretmanager.go:102.27,104.3 1 0
nextdeploy/shared/secrets/secretmanager.go:107.2,107.19 1 0
nextdeploy/shared/secrets/secretmanager.go:107.19,109.17 2 0
nextdeploy/shared/secrets/secretmanager.go:109.17,111.4 1 0
nextdeploy/shared/secrets/secretmanager.go:112.3,112.15 1 0
nextdeploy/shared/secrets/secretmanager.go:115.2,115.16 1 0
nextdeploy/shared/secrets/secretmanager.go:119.50,120.23 1 0
nextdeploy/shared/secrets/secretmanager.go:120.23,124.3 1 0
nextdeploy/shared/secrets/secretoperations.go:13.67,14.21 1 0
nextdeploy/shared/secrets/secretoperations.go:14.21,16.3 1 0
nextdeploy/shared/secrets/secretoperations.go:19.2,19.12 1 0
nextdeploy/shared/secrets/secretoperations.go:23.58,25.2 1 0
nextdeploy/shared/secrets/secretoperations.go:26.48,31.16 4 0
nextdeploy/shared/secrets/secretoperations.go:31.16,33.3 1 0
nextdeploy/shared/secrets/secretoperations.go:35.2,35.39 1 0
nextdeploy/shared/secrets/secretoperations.go:35.39,36.26 1 0
nextdeploy/shared/secrets/secretoperations.go:36.26,37.12 1 0
nextdeploy/shared/secrets/secretoperations.go:41.3,42.17 2 0
nextdeploy/shared/secrets/secretoperations.go:42.17,44.12 2 0
nextdeploy/shared/secrets/secretoperations.go:47.3,48.17 2 0
nextdeploy/shared/secrets/secretoperations.go:48.17,50.12 2 0
nextdeploy/shared/secrets/secretoperations.go:54.3,55.17 2 0
nextdeploy/shared/secrets/secretoperations.go:55.17,57.12 2 0
nextdeploy/shared/secrets/secretoperations.go:60.3,63.37 4 0
nextdeploy/shared/secrets/secretoperations.go:66.2,66.12 1 0
nextdeploy/shared/secrets/secretoperations.go:68.56,72.19 3 0
nextdeploy/shared/secrets/secretoperations.go:72.19,74.3 1 0
nextdeploy/shared/secrets/secretoperations.go:76.2,76.23 1 0
nextdeploy/shared/secrets/secretoperations.go:76.23,80.3 1 0
nextdeploy/shared/secrets/secretoperations.go:82.2,82.48 1 0
nextdeploy/shared/secrets/secretoperations.go:82.48,83.59 1 0
nextdeploy/shared/secrets/secretoperations.go:83.59,85.4 1 0
nextdeploy/shared/secrets/secretoperations.go:88.2,88.12 1 0
nextdeploy/shared/secrets/secretoperations.go:91.76,98.43 3 0
nextdeploy/shared/secrets/secretoperations.go:98.43,100.3 1 0
nextdeploy/shared/secrets/secretoperations.go:102.2,110.13 2 0
nextdeploy/shared/secrets/secretoperations.go:110.13,112.17 2 0
nextdeploy/shared/secrets/secretoperations.go:112.17,114.4 1 0
nextdeploy/shared/secrets/secretoperations.go:115.3,116.17 2 0
nextdeploy/shared/secrets/secretoperations.go:116.17,118.4 1 0
nextdeploy/shared/secrets/secretoperations.go:119.3,119.35 1 0
nextdeploy/shared/secrets/secretoperations.go:122.2,123.12 2 0
nextdeploy/shared/secrets/secretoperations.go:127.65,132.13 4 0
nextdeploy/shared/secrets/secretoperations.go:132.13,134.24 1 0
nextdeploy/shared/secrets/secretoperations.go:134.24,135.50 1 0
nextdeploy/shared/secrets/secretoperations.go:135.50,136.59 1 0
nextdeploy/shared/secrets/secretoperations.go:136.59,138.6 1 0
nextdeploy/shared/secrets/secretoperations.go:141.3,141.31 1 0
nextdeploy/shared/secrets/secretoperations.go:144.2,144.25 1 0
nextdeploy/shared/secrets/secretoperations.go:144.25,146.3 1 0
nextdeploy/shared/secrets/secretoperations.go:148.2,150.16 3 0
nextdeploy/shared/secrets/secretoperations.go:150.16,152.3 1 0
nextdeploy/shared/secrets/secretoperations.go:154.2,155.16 2 0
nextdeploy/shared/secrets/secretoperations.go:155.16,157.3 1 0
nextdeploy/shared/secrets/secretoperations.go:159.2,159.31 1 0
nextdeploy/shared/secrets/secretoperations.go:163.63,165.16 2 0
nextdeploy/shared/secrets/secretoperations.go:165.16,167.3 1 0
nextdeploy/shared/secrets/secretoperations.go:169.2,170.55 2 0
nextdeploy/shared/secrets/secretoperations.go:170.55,172.3 1 0
nextdeploy/shared/secrets/secretoperations.go:174.2,177.36 3 0
nextdeploy/shared/secrets/secretoperations.go:177.36,179.3 1 0
nextdeploy/shared/secrets/secretoperations.go:181.2,181.12 1 0
nextdeploy/shared/secrets/secretoperations.go:185.63,190.16 4 0
nextdeploy/shared/secrets/secretoperations.go:190.16,192.3 1 0
nextdeploy/shared/secrets/secretoperations.go:194.2,194.59 1 0
nextdeploy/shared/secrets/secretoperations.go:194.59,196.3 1 0
nextdeploy/shared/secrets/secretoperations.go:198.2,198.12 1 0
nextdeploy/shared/secrets/secretvariables.go:8.46,9.44 1 0
nextdeploy/shared/secrets/secretvariables.go:9.44,11.3 1 0
nextdeploy/shared/secrets/secretvariables.go:12.2,12.18 1 0
nextdeploy/shared/secrets/secretvariables.go:15.42,16.44 1 0
nextdeploy/shared/secrets/secretvariables.go:16.44,18.3 1 0
nextdeploy/shared/secrets/secretvariables.go:19.2,20.16 2 0
nextdeploy/shared/secrets/secretvariables.go:20.16,23.3 2 0
nextdeploy/shared/secrets/secretvariables.go:24.2,24.77 1 0
nextdeploy/shared/health/checker.go:10.63,17.6 5 0
nextdeploy/shared/health/checker.go:17.6,18.10 1 0
nextdeploy/shared/health/checker.go:19.21,20.16 1 0
nextdeploy/shared/health/checker.go:21.19,23.44 2 0
nextdeploy/shared/health/checker.go:23.44,25.5 1 0
nextdeploy/shared/websocket/websocket.go:18.74,26.2 1 0
nextdeploy/shared/websocket/websocket.go:28.66,32.18 3 0
nextdeploy/shared/websocket/websocket.go:32.18,35.3 2 0
nextdeploy/shared/websocket/websocket.go:37.2,40.16 4 0
nextdeploy/shared/websocket/websocket.go:40.16,43.3 2 0
nextdeploy/shared/websocket/websocket.go:45.2,46.26 2 0
nextdeploy/shared/websocket/websocket.go:48.67,51.16 3 0
nextdeploy/shared/websocket/websocket.go:51.16,54.3 2 0
nextdeploy/shared/websocket/websocket.go:56.2,63.12 5 0
nextdeploy/shared/websocket/websocket.go:66.55,70.18 3 0
nextdeploy/shared/websocket/websocket.go:70.18,73.3 2 0
nextdeploy/shared/websocket/websocket.go:75.2,75.30 1 0
nextdeploy/shared/websocket/websocket.go:79.34,83.18 3 0
nextdeploy/shared/websocket/websocket.go:83.18,86.3 2 0
nextdeploy/shared/websocket/websocket.go:88.2,89.16 2 0
nextdeploy/shared/websocket/websocket.go:89.16,92.3 2 0
nextdeploy/shared/websocket/websocket.go:94.2,95.12 2 0
nextdeploy/shared/websocket/websocket.go:98.31,102.43 3 0
nextdeploy/shared/websocket/websocket.go:102.43,105.3 2 0
nextdeploy/shared/websocket/websocket.go:107.2,107.6 1 0
nextdeploy/shared/websocket/websocket.go:107.6,109.17 2 0
nextdeploy/shared/websocket/websocket.go:109.17,110.103 1 0
nextdeploy/shared/websocket/websocket.go:110.103,112.5 1 0
nextdeploy/shared/websocket/websocket.go:113.4,113.10 1 0
nextdeploy/shared/websocket/websocket.go:115.3,115.93 1 0
nextdeploy/shared/websocket/websocket.go:120.32,122.15 2 0
nextdeploy/shared/websocket/websocket.go:122.15,125.3 2 0
nextdeploy/shared/websocket/websocket.go:127.2,127.6 1 0
nextdeploy/shared/websocket/websocket.go:127.6,128.10 1 0
nextdeploy/shared/websocket/websocket.go:129.19,131.74 2 0
nextdeploy/shared/websocket/websocket.go:131.74,135.5 3 0
nextdeploy/shared/websocket/websocket.go:136.4,136.17 1 0
nextdeploy/shared/websocket/websocket.go:138.11,139.31 1 0
